<?xml version="1.0" encoding="UTF-8"?>
<coverage generated="1776529426336" clover="3.2.0">
  <project timestamp="1776529426336" name="All files">
    <metrics statements="295" coveredstatements="235" conditionals="120" coveredconditionals="88" methods="47" coveredmethods="39" elements="462" coveredelements="362" complexity="0" loc="295" ncloc="295" packages="5" files="13" classes="13"/>
    <package name="app.api.export">
      <metrics statements="42" coveredstatements="15" conditionals="12" coveredconditionals="4" methods="1" coveredmethods="1"/>
      <file name="route.ts" path="/Users/avid/Desktop/freelance/framer-exporter/app/api/export/route.ts">
        <metrics statements="42" coveredstatements="15" conditionals="12" coveredconditionals="4" methods="1" coveredmethods="1"/>
        <line num="1" count="1" type="stmt"/>
        <line num="2" count="1" type="stmt"/>
        <line num="3" count="1" type="stmt"/>
        <line num="4" count="1" type="stmt"/>
        <line num="5" count="1" type="stmt"/>
        <line num="6" count="1" type="stmt"/>
        <line num="8" count="1" type="stmt"/>
        <line num="10" count="1" type="stmt"/>
        <line num="11" count="3" type="stmt"/>
        <line num="12" count="3" type="stmt"/>
        <line num="13" count="3" type="stmt"/>
        <line num="16" count="3" type="cond" truecount="3" falsecount="0"/>
        <line num="17" count="2" type="stmt"/>
        <line num="23" count="1" type="cond" truecount="1" falsecount="0"/>
        <line num="24" count="1" type="stmt"/>
        <line num="31" count="0" type="stmt"/>
        <line num="32" count="0" type="cond" truecount="0" falsecount="3"/>
        <line num="33" count="0" type="stmt"/>
        <line num="38" count="0" type="stmt"/>
        <line num="41" count="0" type="stmt"/>
        <line num="42" count="0" type="stmt"/>
        <line num="44" count="0" type="stmt"/>
        <line num="47" count="0" type="stmt"/>
        <line num="49" count="0" type="stmt"/>
        <line num="51" count="0" type="stmt"/>
        <line num="52" count="0" type="stmt"/>
        <line num="53" count="0" type="stmt"/>
        <line num="56" count="0" type="stmt"/>
        <line num="57" count="0" type="stmt"/>
        <line num="58" count="0" type="cond" truecount="0" falsecount="1"/>
        <line num="59" count="0" type="cond" truecount="0" falsecount="2"/>
        <line num="61" count="0" type="stmt"/>
        <line num="65" count="0" type="stmt"/>
        <line num="68" count="0" type="stmt"/>
        <line num="69" count="0" type="stmt"/>
        <line num="76" count="0" type="cond" truecount="0" falsecount="1"/>
        <line num="77" count="0" type="stmt"/>
        <line num="80" count="0" type="stmt"/>
        <line num="86" count="0" type="cond" truecount="0" falsecount="1"/>
        <line num="87" count="0" type="stmt"/>
        <line num="91" count="0" type="stmt"/>
        <line num="92" count="0" type="stmt"/>
      </file>
    </package>
    <package name="lib">
      <metrics statements="47" coveredstatements="14" conditionals="13" coveredconditionals="4" methods="9" coveredmethods="1"/>
      <file name="cli.ts" path="/Users/avid/Desktop/freelance/framer-exporter/lib/cli.ts">
        <metrics statements="38" coveredstatements="5" conditionals="9" coveredconditionals="0" methods="8" coveredmethods="0"/>
        <line num="1" count="1" type="stmt"/>
        <line num="2" count="1" type="stmt"/>
        <line num="3" count="1" type="stmt"/>
        <line num="11" count="1" type="stmt"/>
        <line num="16" count="0" type="stmt"/>
        <line num="17" count="0" type="stmt"/>
        <line num="19" count="0" type="stmt"/>
        <line num="20" count="0" type="stmt"/>
        <line num="21" count="0" type="stmt"/>
        <line num="28" count="0" type="stmt"/>
        <line num="29" count="0" type="stmt"/>
        <line num="30" count="0" type="stmt"/>
        <line num="31" count="0" type="cond" truecount="0" falsecount="4"/>
        <line num="32" count="0" type="stmt"/>
        <line num="37" count="0" type="stmt"/>
        <line num="43" count="0" type="stmt"/>
        <line num="50" count="0" type="stmt"/>
        <line num="52" count="0" type="stmt"/>
        <line num="59" count="1" type="stmt"/>
        <line num="63" count="0" type="stmt"/>
        <line num="64" count="0" type="stmt"/>
        <line num="66" count="0" type="stmt"/>
        <line num="68" count="0" type="stmt"/>
        <line num="71" count="0" type="stmt"/>
        <line num="75" count="0" type="cond" truecount="0" falsecount="1"/>
        <line num="76" count="0" type="stmt"/>
        <line num="80" count="0" type="stmt"/>
        <line num="81" count="0" type="stmt"/>
        <line num="82" count="0" type="cond" truecount="0" falsecount="1"/>
        <line num="83" count="0" type="stmt"/>
        <line num="86" count="0" type="stmt"/>
        <line num="89" count="0" type="stmt"/>
        <line num="92" count="0" type="stmt"/>
        <line num="95" count="0" type="stmt"/>
        <line num="98" count="0" type="stmt"/>
        <line num="100" count="0" type="stmt"/>
        <line num="106" count="0" type="stmt"/>
        <line num="107" count="0" type="stmt"/>
      </file>
      <file name="validator.ts" path="/Users/avid/Desktop/freelance/framer-exporter/lib/validator.ts">
        <metrics statements="9" coveredstatements="9" conditionals="4" coveredconditionals="4" methods="1" coveredmethods="1"/>
        <line num="1" count="2" type="stmt"/>
        <line num="2" count="8" type="cond" truecount="3" falsecount="0"/>
        <line num="3" count="1" type="stmt"/>
        <line num="6" count="7" type="stmt"/>
        <line num="7" count="7" type="stmt"/>
        <line num="10" count="6" type="cond" truecount="1" falsecount="0"/>
        <line num="11" count="2" type="stmt"/>
        <line num="16" count="4" type="stmt"/>
        <line num="18" count="1" type="stmt"/>
      </file>
    </package>
    <package name="lib.pipeline">
      <metrics statements="40" coveredstatements="40" conditionals="0" coveredconditionals="0" methods="2" coveredmethods="2"/>
      <file name="index.ts" path="/Users/avid/Desktop/freelance/framer-exporter/lib/pipeline/index.ts">
        <metrics statements="2" coveredstatements="2" conditionals="0" coveredconditionals="0" methods="1" coveredmethods="1"/>
        <line num="1" count="5" type="stmt"/>
        <line num="2" count="2" type="stmt"/>
      </file>
      <file name="pipeline.ts" path="/Users/avid/Desktop/freelance/framer-exporter/lib/pipeline/pipeline.ts">
        <metrics statements="38" coveredstatements="38" conditionals="0" coveredconditionals="0" methods="1" coveredmethods="1"/>
        <line num="1" count="3" type="stmt"/>
        <line num="2" count="3" type="stmt"/>
        <line num="3" count="3" type="stmt"/>
        <line num="4" count="3" type="stmt"/>
        <line num="5" count="3" type="stmt"/>
        <line num="6" count="3" type="stmt"/>
        <line num="16" count="3" type="stmt"/>
        <line num="17" count="5" type="stmt"/>
        <line num="19" count="5" type="stmt"/>
        <line num="22" count="5" type="stmt"/>
        <line num="23" count="5" type="stmt"/>
        <line num="24" count="5" type="stmt"/>
        <line num="25" count="5" type="stmt"/>
        <line num="28" count="5" type="stmt"/>
        <line num="29" count="5" type="stmt"/>
        <line num="30" count="5" type="stmt"/>
        <line num="31" count="5" type="stmt"/>
        <line num="34" count="5" type="stmt"/>
        <line num="35" count="5" type="stmt"/>
        <line num="36" count="5" type="stmt"/>
        <line num="37" count="5" type="stmt"/>
        <line num="40" count="5" type="stmt"/>
        <line num="41" count="5" type="stmt"/>
        <line num="42" count="5" type="stmt"/>
        <line num="43" count="5" type="stmt"/>
        <line num="46" count="5" type="stmt"/>
        <line num="47" count="5" type="stmt"/>
        <line num="48" count="5" type="stmt"/>
        <line num="49" count="5" type="stmt"/>
        <line num="52" count="5" type="stmt"/>
        <line num="53" count="5" type="stmt"/>
        <line num="54" count="5" type="stmt"/>
        <line num="55" count="5" type="stmt"/>
        <line num="57" count="5" type="stmt"/>
        <line num="59" count="5" type="stmt"/>
        <line num="73" count="5" type="stmt"/>
        <line num="74" count="5" type="stmt"/>
        <line num="76" count="5" type="stmt"/>
      </file>
    </package>
    <package name="lib.pipeline.stages">
      <metrics statements="150" coveredstatements="150" conditionals="90" coveredconditionals="75" methods="28" coveredmethods="28"/>
      <file name="1-html-parser.ts" path="/Users/avid/Desktop/freelance/framer-exporter/lib/pipeline/stages/1-html-parser.ts">
        <metrics statements="29" coveredstatements="29" conditionals="23" coveredconditionals="21" methods="4" coveredmethods="4"/>
        <line num="1" count="4" type="stmt"/>
        <line num="4" count="4" type="stmt"/>
        <line num="5" count="11" type="stmt"/>
        <line num="7" count="11" type="stmt"/>
        <line num="9" count="11" type="stmt"/>
        <line num="10" count="11" type="stmt"/>
        <line num="13" count="640" type="cond" truecount="0" falsecount="1"/>
        <line num="15" count="640" type="stmt"/>
        <line num="22" count="640" type="stmt"/>
        <line num="23" count="640" type="cond" truecount="2" falsecount="0"/>
        <line num="25" count="640" type="cond" truecount="1" falsecount="0"/>
        <line num="26" count="332" type="stmt"/>
        <line num="27" count="618" type="stmt"/>
        <line num="28" count="618" type="cond" truecount="1" falsecount="0"/>
        <line num="29" count="618" type="stmt"/>
        <line num="34" count="640" type="stmt"/>
        <line num="38" count="11" type="stmt"/>
        <line num="41" count="11" type="stmt"/>
        <line num="43" count="11" type="cond" truecount="3" falsecount="0"/>
        <line num="44" count="11" type="stmt"/>
        <line num="45" count="25" type="cond" truecount="2" falsecount="0"/>
        <line num="48" count="11" type="cond" truecount="4" falsecount="0"/>
        <line num="50" count="11" type="stmt"/>
        <line num="51" count="14" type="cond" truecount="1" falsecount="0"/>
        <line num="52" count="11" type="stmt"/>
        <line num="53" count="11" type="stmt"/>
        <line num="60" count="11" type="cond" truecount="3" falsecount="1"/>
        <line num="64" count="11" type="stmt"/>
        <line num="66" count="11" type="stmt"/>
      </file>
      <file name="2-normalizer.ts" path="/Users/avid/Desktop/freelance/framer-exporter/lib/pipeline/stages/2-normalizer.ts">
        <metrics statements="22" coveredstatements="22" conditionals="12" coveredconditionals="11" methods="4" coveredmethods="4"/>
        <line num="2" count="4" type="stmt"/>
        <line num="3" count="4" type="stmt"/>
        <line num="6" count="111" type="stmt"/>
        <line num="15" count="4" type="stmt"/>
        <line num="16" count="9" type="stmt"/>
        <line num="19" count="111" type="cond" truecount="1" falsecount="0"/>
        <line num="20" count="1" type="stmt"/>
        <line num="21" count="1" type="stmt"/>
        <line num="24" count="110" type="stmt"/>
        <line num="26" count="110" type="cond" truecount="1" falsecount="0"/>
        <line num="27" count="28" type="stmt"/>
        <line num="28" count="28" type="cond" truecount="1" falsecount="0"/>
        <line num="31" count="110" type="cond" truecount="1" falsecount="0"/>
        <line num="32" count="4" type="stmt"/>
        <line num="33" count="4" type="cond" truecount="1" falsecount="0"/>
        <line num="34" count="1" type="stmt"/>
        <line num="38" count="110" type="stmt"/>
        <line num="40" count="102" type="stmt"/>
        <line num="42" count="110" type="stmt"/>
        <line num="50" count="9" type="cond" truecount="1" falsecount="1"/>
        <line num="51" count="9" type="stmt"/>
        <line num="53" count="9" type="stmt"/>
      </file>
      <file name="3-section-detector.ts" path="/Users/avid/Desktop/freelance/framer-exporter/lib/pipeline/stages/3-section-detector.ts">
        <metrics statements="19" coveredstatements="19" conditionals="7" coveredconditionals="6" methods="5" coveredmethods="5"/>
        <line num="3" count="4" type="stmt"/>
        <line num="14" count="4" type="stmt"/>
        <line num="15" count="8" type="stmt"/>
        <line num="16" count="8" type="stmt"/>
        <line num="19" count="107" type="stmt"/>
        <line num="20" count="107" type="cond" truecount="2" falsecount="0"/>
        <line num="22" count="107" type="cond" truecount="1" falsecount="0"/>
        <line num="23" count="102" type="cond" truecount="0" falsecount="1"/>
        <line num="24" count="102" type="cond" truecount="1" falsecount="0"/>
        <line num="26" count="98" type="stmt"/>
        <line num="27" count="1496" type="cond" truecount="1" falsecount="0"/>
        <line num="28" count="16" type="stmt"/>
        <line num="32" count="82" type="stmt"/>
        <line num="36" count="107" type="stmt"/>
        <line num="38" count="107" type="cond" truecount="1" falsecount="0"/>
        <line num="39" count="25" type="stmt"/>
        <line num="47" count="107" type="stmt"/>
        <line num="50" count="8" type="stmt"/>
        <line num="52" count="8" type="stmt"/>
      </file>
      <file name="4-component-extractor.ts" path="/Users/avid/Desktop/freelance/framer-exporter/lib/pipeline/stages/4-component-extractor.ts">
        <metrics statements="31" coveredstatements="31" conditionals="12" coveredconditionals="11" methods="6" coveredmethods="6"/>
        <line num="4" count="108" type="cond" truecount="2" falsecount="0"/>
        <line num="5" count="108" type="stmt"/>
        <line num="6" count="31" type="stmt"/>
        <line num="10" count="108" type="stmt"/>
        <line num="13" count="4" type="stmt"/>
        <line num="14" count="8" type="stmt"/>
        <line num="15" count="8" type="stmt"/>
        <line num="16" count="8" type="stmt"/>
        <line num="19" count="108" type="stmt"/>
        <line num="21" count="108" type="cond" truecount="1" falsecount="0"/>
        <line num="22" count="49" type="stmt"/>
        <line num="30" count="108" type="stmt"/>
        <line num="31" count="108" type="stmt"/>
        <line num="32" count="108" type="stmt"/>
        <line num="34" count="108" type="stmt"/>
        <line num="37" count="8" type="stmt"/>
        <line num="39" count="8" type="stmt"/>
        <line num="41" count="8" type="stmt"/>
        <line num="42" count="49" type="cond" truecount="1" falsecount="0"/>
        <line num="43" count="17" type="stmt"/>
        <line num="44" count="17" type="stmt"/>
        <line num="46" count="17" type="stmt"/>
        <line num="47" count="17" type="cond" truecount="2" falsecount="0"/>
        <line num="48" count="16" type="cond" truecount="2" falsecount="0"/>
        <line num="49" count="5" type="cond" truecount="1" falsecount="1"/>
        <line num="50" count="5" type="stmt"/>
        <line num="52" count="17" type="stmt"/>
        <line num="60" count="17" type="stmt"/>
        <line num="61" count="76" type="cond" truecount="2" falsecount="0"/>
        <line num="62" count="76" type="stmt"/>
        <line num="67" count="8" type="stmt"/>
      </file>
      <file name="5-semantic-namer.ts" path="/Users/avid/Desktop/freelance/framer-exporter/lib/pipeline/stages/5-semantic-namer.ts">
        <metrics statements="30" coveredstatements="30" conditionals="29" coveredconditionals="20" methods="3" coveredmethods="3"/>
        <line num="4" count="105" type="stmt"/>
        <line num="5" count="105" type="cond" truecount="2" falsecount="0"/>
        <line num="6" count="105" type="cond" truecount="2" falsecount="0"/>
        <line num="8" count="105" type="cond" truecount="4" falsecount="0"/>
        <line num="9" count="99" type="cond" truecount="3" falsecount="0"/>
        <line num="10" count="98" type="cond" truecount="0" falsecount="1"/>
        <line num="11" count="98" type="cond" truecount="0" falsecount="1"/>
        <line num="12" count="98" type="cond" truecount="0" falsecount="1"/>
        <line num="13" count="98" type="cond" truecount="0" falsecount="1"/>
        <line num="14" count="98" type="cond" truecount="0" falsecount="1"/>
        <line num="16" count="98" type="cond" truecount="0" falsecount="1"/>
        <line num="17" count="98" type="cond" truecount="0" falsecount="1"/>
        <line num="18" count="98" type="cond" truecount="1" falsecount="0"/>
        <line num="19" count="95" type="cond" truecount="1" falsecount="0"/>
        <line num="20" count="86" type="cond" truecount="1" falsecount="0"/>
        <line num="21" count="83" type="cond" truecount="1" falsecount="0"/>
        <line num="22" count="74" type="cond" truecount="0" falsecount="1"/>
        <line num="23" count="74" type="cond" truecount="0" falsecount="1"/>
        <line num="25" count="74" type="cond" truecount="1" falsecount="0"/>
        <line num="27" count="73" type="stmt"/>
        <line num="30" count="4" type="stmt"/>
        <line num="31" count="8" type="stmt"/>
        <line num="32" count="8" type="stmt"/>
        <line num="35" count="105" type="stmt"/>
        <line num="36" count="105" type="cond" truecount="2" falsecount="0"/>
        <line num="38" count="105" type="cond" truecount="2" falsecount="0"/>
        <line num="40" count="105" type="stmt"/>
        <line num="42" count="105" type="stmt"/>
        <line num="50" count="8" type="stmt"/>
        <line num="52" count="8" type="stmt"/>
      </file>
      <file name="6-code-generator.ts" path="/Users/avid/Desktop/freelance/framer-exporter/lib/pipeline/stages/6-code-generator.ts">
        <metrics statements="19" coveredstatements="19" conditionals="7" coveredconditionals="6" methods="6" coveredmethods="6"/>
        <line num="4" count="101" type="cond" truecount="1" falsecount="1"/>
        <line num="5" count="101" type="stmt"/>
        <line num="6" count="28" type="stmt"/>
        <line num="9" count="101" type="stmt"/>
        <line num="10" count="101" type="cond" truecount="2" falsecount="0"/>
        <line num="12" count="101" type="stmt"/>
        <line num="16" count="7" type="stmt"/>
        <line num="18" count="100" type="stmt"/>
        <line num="23" count="7" type="stmt"/>
        <line num="46" count="4" type="stmt"/>
        <line num="47" count="7" type="stmt"/>
        <line num="48" count="7" type="stmt"/>
        <line num="51" count="101" type="cond" truecount="3" falsecount="0"/>
        <line num="52" count="100" type="stmt"/>
        <line num="60" count="101" type="stmt"/>
        <line num="63" count="7" type="stmt"/>
        <line num="65" count="7" type="stmt"/>
        <line num="67" count="7" type="stmt"/>
        <line num="73" count="7" type="stmt"/>
      </file>
    </package>
    <package name="lib.utils">
      <metrics statements="16" coveredstatements="16" conditionals="5" coveredconditionals="5" methods="7" coveredmethods="7"/>
      <file name="css-parser.ts" path="/Users/avid/Desktop/freelance/framer-exporter/lib/utils/css-parser.ts">
        <metrics statements="7" coveredstatements="7" conditionals="0" coveredconditionals="0" methods="4" coveredmethods="4"/>
        <line num="6" count="4" type="stmt"/>
        <line num="7" count="4" type="stmt"/>
        <line num="8" count="4" type="stmt"/>
        <line num="9" count="4" type="stmt"/>
        <line num="15" count="4" type="stmt"/>
        <line num="16" count="28" type="stmt"/>
        <line num="18" count="29" type="stmt"/>
      </file>
      <file name="depth-flattener.ts" path="/Users/avid/Desktop/freelance/framer-exporter/lib/utils/depth-flattener.ts">
        <metrics statements="9" coveredstatements="9" conditionals="5" coveredconditionals="5" methods="3" coveredmethods="3"/>
        <line num="3" count="4" type="stmt"/>
        <line num="5" count="4" type="stmt"/>
        <line num="6" count="9" type="stmt"/>
        <line num="9" count="110" type="cond" truecount="5" falsecount="0"/>
        <line num="10" count="1" type="stmt"/>
        <line num="11" count="1" type="stmt"/>
        <line num="14" count="109" type="stmt"/>
        <line num="16" count="100" type="stmt"/>
        <line num="20" count="9" type="stmt"/>
      </file>
    </package>
  </project>
</coverage>
