{"/Users/avid/Desktop/freelance/framer-exporter/app/api/export/route.ts": {"path":"/Users/avid/Desktop/freelance/framer-exporter/app/api/export/route.ts","statementMap":{"0":{"start":{"line":10,"column":0},"end":{"line":10,"column":7}},"1":{"start":{"line":1,"column":0},"end":{"line":1,"column":56}},"2":{"start":{"line":2,"column":0},"end":{"line":2,"column":51}},"3":{"start":{"line":3,"column":0},"end":{"line":3,"column":66}},"4":{"start":{"line":4,"column":0},"end":{"line":4,"column":25}},"5":{"start":{"line":5,"column":0},"end":{"line":5,"column":29}},"6":{"start":{"line":6,"column":0},"end":{"line":6,"column":25}},"7":{"start":{"line":8,"column":21},"end":{"line":8,"column":46}},"8":{"start":{"line":11,"column":2},"end":{"line":96,"column":3}},"9":{"start":{"line":12,"column":17},"end":{"line":12,"column":37}},"10":{"start":{"line":13,"column":20},"end":{"line":13,"column":24}},"11":{"start":{"line":16,"column":4},"end":{"line":21,"column":5}},"12":{"start":{"line":17,"column":6},"end":{"line":20,"column":8}},"13":{"start":{"line":23,"column":4},"end":{"line":28,"column":5}},"14":{"start":{"line":24,"column":6},"end":{"line":27,"column":8}},"15":{"start":{"line":31,"column":24},"end":{"line":31,"column":45}},"16":{"start":{"line":32,"column":4},"end":{"line":37,"column":5}},"17":{"start":{"line":33,"column":6},"end":{"line":36,"column":8}},"18":{"start":{"line":38,"column":4},"end":{"line":38,"column":38}},"19":{"start":{"line":41,"column":20},"end":{"line":41,"column":73}},"20":{"start":{"line":42,"column":4},"end":{"line":42,"column":47}},"21":{"start":{"line":44,"column":4},"end":{"line":89,"column":5}},"22":{"start":{"line":47,"column":33},"end":{"line":47,"column":37}},"23":{"start":{"line":49,"column":6},"end":{"line":62,"column":7}},"24":{"start":{"line":51,"column":10},"end":{"line":51,"column":52}},"25":{"start":{"line":52,"column":8},"end":{"line":52,"column":34}},"26":{"start":{"line":53,"column":8},"end":{"line":53,"column":34}},"27":{"start":{"line":56,"column":8},"end":{"line":56,"column":99}},"28":{"start":{"line":57,"column":23},"end":{"line":57,"column":63}},"29":{"start":{"line":58,"column":8},"end":{"line":60,"column":9}},"30":{"start":{"line":59,"column":10},"end":{"line":59,"column":59}},"31":{"start":{"line":61,"column":8},"end":{"line":61,"column":34}},"32":{"start":{"line":65,"column":24},"end":{"line":65,"column":48}},"33":{"start":{"line":68,"column":23},"end":{"line":68,"column":56}},"34":{"start":{"line":69,"column":46},"end":{"line":73,"column":8}},"35":{"start":{"line":76,"column":6},"end":{"line":78,"column":7}},"36":{"start":{"line":77,"column":8},"end":{"line":77,"column":72}},"37":{"start":{"line":80,"column":6},"end":{"line":83,"column":9}},"38":{"start":{"line":86,"column":6},"end":{"line":88,"column":7}},"39":{"start":{"line":87,"column":8},"end":{"line":87,"column":48}},"40":{"start":{"line":91,"column":4},"end":{"line":91,"column":40}},"41":{"start":{"line":92,"column":4},"end":{"line":95,"column":6}}},"fnMap":{"0":{"name":"POST","decl":{"start":{"line":10,"column":22},"end":{"line":10,"column":26}},"loc":{"start":{"line":10,"column":47},"end":{"line":97,"column":1}}}},"branchMap":{"0":{"loc":{"start":{"line":16,"column":4},"end":{"line":21,"column":5}},"type":"if","locations":[{"start":{"line":16,"column":4},"end":{"line":21,"column":5}}]},"1":{"loc":{"start":{"line":16,"column":8},"end":{"line":16,"column":39}},"type":"binary-expr","locations":[{"start":{"line":16,"column":8},"end":{"line":16,"column":12}},{"start":{"line":16,"column":16},"end":{"line":16,"column":39}}]},"2":{"loc":{"start":{"line":23,"column":4},"end":{"line":28,"column":5}},"type":"if","locations":[{"start":{"line":23,"column":4},"end":{"line":28,"column":5}}]},"3":{"loc":{"start":{"line":32,"column":4},"end":{"line":37,"column":5}},"type":"if","locations":[{"start":{"line":32,"column":4},"end":{"line":37,"column":5}}]},"4":{"loc":{"start":{"line":32,"column":8},"end":{"line":32,"column":54}},"type":"binary-expr","locations":[{"start":{"line":32,"column":8},"end":{"line":32,"column":19}},{"start":{"line":32,"column":23},"end":{"line":32,"column":54}}]},"5":{"loc":{"start":{"line":58,"column":8},"end":{"line":60,"column":9}},"type":"if","locations":[{"start":{"line":58,"column":8},"end":{"line":60,"column":9}}]},"6":{"loc":{"start":{"line":59,"column":26},"end":{"line":59,"column":57}},"type":"binary-expr","locations":[{"start":{"line":59,"column":26},"end":{"line":59,"column":38}},{"start":{"line":59,"column":42},"end":{"line":59,"column":57}}]},"7":{"loc":{"start":{"line":76,"column":6},"end":{"line":78,"column":7}},"type":"if","locations":[{"start":{"line":76,"column":6},"end":{"line":78,"column":7}}]},"8":{"loc":{"start":{"line":86,"column":6},"end":{"line":88,"column":7}},"type":"if","locations":[{"start":{"line":86,"column":6},"end":{"line":88,"column":7}}]}},"s":{"0":1,"1":1,"2":1,"3":1,"4":1,"5":1,"6":1,"7":1,"8":3,"9":3,"10":3,"11":3,"12":2,"13":1,"14":1,"15":0,"16":0,"17":0,"18":0,"19":0,"20":0,"21":0,"22":0,"23":0,"24":0,"25":0,"26":0,"27":0,"28":0,"29":0,"30":0,"31":0,"32":0,"33":0,"34":0,"35":0,"36":0,"37":0,"38":0,"39":0,"40":0,"41":0},"f":{"0":3},"b":{"0":[2],"1":[3,1],"2":[1],"3":[0],"4":[0,0],"5":[0],"6":[0,0],"7":[0],"8":[0]}}
,"/Users/avid/Desktop/freelance/framer-exporter/lib/cli.ts": {"path":"/Users/avid/Desktop/freelance/framer-exporter/lib/cli.ts","statementMap":{"0":{"start":{"line":11,"column":0},"end":{"line":11,"column":7}},"1":{"start":{"line":59,"column":0},"end":{"line":59,"column":7}},"2":{"start":{"line":1,"column":0},"end":{"line":1,"column":25}},"3":{"start":{"line":2,"column":0},"end":{"line":2,"column":63}},"4":{"start":{"line":3,"column":0},"end":{"line":3,"column":29}},"5":{"start":{"line":16,"column":2},"end":{"line":56,"column":3}},"6":{"start":{"line":17,"column":27},"end":{"line":17,"column":61}},"7":{"start":{"line":19,"column":27},"end":{"line":26,"column":6}},"8":{"start":{"line":20,"column":6},"end":{"line":25,"column":20}},"9":{"start":{"line":21,"column":8},"end":{"line":24,"column":11}},"10":{"start":{"line":28,"column":26},"end":{"line":48,"column":8}},"11":{"start":{"line":29,"column":6},"end":{"line":47,"column":7}},"12":{"start":{"line":30,"column":24},"end":{"line":30,"column":56}},"13":{"start":{"line":31,"column":8},"end":{"line":41,"column":9}},"14":{"start":{"line":32,"column":10},"end":{"line":35,"column":12}},"15":{"start":{"line":37,"column":10},"end":{"line":40,"column":12}},"16":{"start":{"line":43,"column":8},"end":{"line":46,"column":10}},"17":{"start":{"line":50,"column":4},"end":{"line":50,"column":57}},"18":{"start":{"line":52,"column":4},"end":{"line":55,"column":6}},"19":{"start":{"line":63,"column":2},"end":{"line":108,"column":3}},"20":{"start":{"line":64,"column":27},"end":{"line":64,"column":61}},"21":{"start":{"line":66,"column":20},"end":{"line":73,"column":6}},"22":{"start":{"line":68,"column":8},"end":{"line":68,"column":46}},"23":{"start":{"line":71,"column":8},"end":{"line":71,"column":45}},"24":{"start":{"line":71,"column":25},"end":{"line":71,"column":36}},"25":{"start":{"line":75,"column":4},"end":{"line":77,"column":5}},"26":{"start":{"line":76,"column":6},"end":{"line":76,"column":67}},"27":{"start":{"line":80,"column":16},"end":{"line":80,"column":35}},"28":{"start":{"line":81,"column":22},"end":{"line":81,"column":48}},"29":{"start":{"line":82,"column":4},"end":{"line":84,"column":5}},"30":{"start":{"line":83,"column":6},"end":{"line":83,"column":55}},"31":{"start":{"line":86,"column":17},"end":{"line":86,"column":42}},"32":{"start":{"line":89,"column":27},"end":{"line":89,"column":44}},"33":{"start":{"line":92,"column":4},"end":{"line":92,"column":81}},"34":{"start":{"line":95,"column":4},"end":{"line":95,"column":91}},"35":{"start":{"line":98,"column":4},"end":{"line":98,"column":26}},"36":{"start":{"line":100,"column":4},"end":{"line":103,"column":6}},"37":{"start":{"line":106,"column":4},"end":{"line":106,"column":55}},"38":{"start":{"line":107,"column":4},"end":{"line":107,"column":16}}},"fnMap":{"0":{"name":"spawnExporter","decl":{"start":{"line":11,"column":22},"end":{"line":11,"column":35}},"loc":{"start":{"line":14,"column":27},"end":{"line":57,"column":1}}},"1":{"name":"(anonymous_11)","decl":{"start":{"line":19,"column":52},"end":{"line":19,"column":53}},"loc":{"start":{"line":19,"column":64},"end":{"line":26,"column":5}}},"2":{"name":"(anonymous_12)","decl":{"start":{"line":20,"column":17},"end":{"line":20,"column":20}},"loc":{"start":{"line":20,"column":22},"end":{"line":25,"column":7}}},"3":{"name":"(anonymous_13)","decl":{"start":{"line":28,"column":27},"end":{"line":28,"column":32}},"loc":{"start":{"line":28,"column":38},"end":{"line":48,"column":5}}},"4":{"name":"exportSiteWithPipeline","decl":{"start":{"line":59,"column":22},"end":{"line":59,"column":44}},"loc":{"start":{"line":61,"column":17},"end":{"line":109,"column":1}}},"5":{"name":"(anonymous_15)","decl":{"start":{"line":67,"column":7},"end":{"line":67,"column":12}},"loc":{"start":{"line":67,"column":18},"end":{"line":69,"column":7}}},"6":{"name":"(anonymous_16)","decl":{"start":{"line":70,"column":26},"end":{"line":70,"column":27}},"loc":{"start":{"line":70,"column":38},"end":{"line":72,"column":7}}},"7":{"name":"(anonymous_17)","decl":{"start":{"line":71,"column":19},"end":{"line":71,"column":22}},"loc":{"start":{"line":71,"column":25},"end":{"line":71,"column":36}}}},"branchMap":{"0":{"loc":{"start":{"line":14,"column":2},"end":{"line":14,"column":27}},"type":"default-arg","locations":[{"start":{"line":14,"column":22},"end":{"line":14,"column":27}}]},"1":{"loc":{"start":{"line":31,"column":8},"end":{"line":41,"column":9}},"type":"if","locations":[{"start":{"line":31,"column":8},"end":{"line":41,"column":9}},{"start":{"line":36,"column":15},"end":{"line":41,"column":9}}]},"2":{"loc":{"start":{"line":31,"column":12},"end":{"line":31,"column":45}},"type":"binary-expr","locations":[{"start":{"line":31,"column":12},"end":{"line":31,"column":19}},{"start":{"line":31,"column":23},"end":{"line":31,"column":45}}]},"3":{"loc":{"start":{"line":45,"column":17},"end":{"line":45,"column":92}},"type":"cond-expr","locations":[{"start":{"line":45,"column":42},"end":{"line":45,"column":55}},{"start":{"line":45,"column":58},"end":{"line":45,"column":92}}]},"4":{"loc":{"start":{"line":75,"column":4},"end":{"line":77,"column":5}},"type":"if","locations":[{"start":{"line":75,"column":4},"end":{"line":77,"column":5}}]},"5":{"loc":{"start":{"line":82,"column":4},"end":{"line":84,"column":5}},"type":"if","locations":[{"start":{"line":82,"column":4},"end":{"line":84,"column":5}}]}},"s":{"0":1,"1":1,"2":1,"3":1,"4":1,"5":0,"6":0,"7":0,"8":0,"9":0,"10":0,"11":0,"12":0,"13":0,"14":0,"15":0,"16":0,"17":0,"18":0,"19":0,"20":0,"21":0,"22":0,"23":0,"24":0,"25":0,"26":0,"27":0,"28":0,"29":0,"30":0,"31":0,"32":0,"33":0,"34":0,"35":0,"36":0,"37":0,"38":0},"f":{"0":0,"1":0,"2":0,"3":0,"4":0,"5":0,"6":0,"7":0},"b":{"0":[0],"1":[0,0],"2":[0,0],"3":[0,0],"4":[0],"5":[0]}}
,"/Users/avid/Desktop/freelance/framer-exporter/lib/validator.ts": {"path":"/Users/avid/Desktop/freelance/framer-exporter/lib/validator.ts","statementMap":{"0":{"start":{"line":1,"column":0},"end":{"line":1,"column":16}},"1":{"start":{"line":2,"column":2},"end":{"line":4,"column":3}},"2":{"start":{"line":3,"column":4},"end":{"line":3,"column":17}},"3":{"start":{"line":6,"column":2},"end":{"line":19,"column":3}},"4":{"start":{"line":7,"column":19},"end":{"line":7,"column":31}},"5":{"start":{"line":10,"column":4},"end":{"line":12,"column":5}},"6":{"start":{"line":11,"column":6},"end":{"line":11,"column":19}},"7":{"start":{"line":16,"column":4},"end":{"line":16,"column":16}},"8":{"start":{"line":18,"column":4},"end":{"line":18,"column":17}}},"fnMap":{"0":{"name":"isValidFramerUrl","decl":{"start":{"line":1,"column":16},"end":{"line":1,"column":32}},"loc":{"start":{"line":1,"column":44},"end":{"line":20,"column":1}}}},"branchMap":{"0":{"loc":{"start":{"line":2,"column":2},"end":{"line":4,"column":3}},"type":"if","locations":[{"start":{"line":2,"column":2},"end":{"line":4,"column":3}}]},"1":{"loc":{"start":{"line":2,"column":6},"end":{"line":2,"column":37}},"type":"binary-expr","locations":[{"start":{"line":2,"column":6},"end":{"line":2,"column":10}},{"start":{"line":2,"column":14},"end":{"line":2,"column":37}}]},"2":{"loc":{"start":{"line":10,"column":4},"end":{"line":12,"column":5}},"type":"if","locations":[{"start":{"line":10,"column":4},"end":{"line":12,"column":5}}]}},"s":{"0":2,"1":8,"2":1,"3":7,"4":7,"5":6,"6":2,"7":4,"8":1},"f":{"0":8},"b":{"0":[1],"1":[8,7],"2":[2]}}
,"/Users/avid/Desktop/freelance/framer-exporter/lib/pipeline/index.ts": {"path":"/Users/avid/Desktop/freelance/framer-exporter/lib/pipeline/index.ts","statementMap":{"0":{"start":{"line":1,"column":0},"end":{"line":1,"column":9}},"1":{"start":{"line":1,"column":9},"end":{"line":1,"column":41}},"2":{"start":{"line":2,"column":0},"end":{"line":2,"column":24}}},"fnMap":{"0":{"name":"(anonymous_4)","decl":{"start":{"line":1,"column":9},"end":{"line":1,"column":20}},"loc":{"start":{"line":1,"column":9},"end":{"line":1,"column":41}}}},"branchMap":{},"s":{"0":2,"1":5,"2":2},"f":{"0":3},"b":{}}
,"/Users/avid/Desktop/freelance/framer-exporter/lib/pipeline/pipeline.ts": {"path":"/Users/avid/Desktop/freelance/framer-exporter/lib/pipeline/pipeline.ts","statementMap":{"0":{"start":{"line":16,"column":0},"end":{"line":16,"column":16}},"1":{"start":{"line":1,"column":0},"end":{"line":1,"column":51}},"2":{"start":{"line":2,"column":0},"end":{"line":2,"column":50}},"3":{"start":{"line":3,"column":0},"end":{"line":3,"column":61}},"4":{"start":{"line":4,"column":0},"end":{"line":4,"column":67}},"5":{"start":{"line":5,"column":0},"end":{"line":5,"column":64}},"6":{"start":{"line":6,"column":0},"end":{"line":6,"column":67}},"7":{"start":{"line":17,"column":20},"end":{"line":17,"column":30}},"8":{"start":{"line":19,"column":2},"end":{"line":19,"column":60}},"9":{"start":{"line":22,"column":21},"end":{"line":22,"column":31}},"10":{"start":{"line":23,"column":22},"end":{"line":23,"column":37}},"11":{"start":{"line":24,"column":24},"end":{"line":24,"column":47}},"12":{"start":{"line":25,"column":2},"end":{"line":25,"column":92}},"13":{"start":{"line":28,"column":25},"end":{"line":28,"column":35}},"14":{"start":{"line":29,"column":26},"end":{"line":29,"column":55}},"15":{"start":{"line":30,"column":28},"end":{"line":30,"column":55}},"16":{"start":{"line":31,"column":2},"end":{"line":31,"column":150}},"17":{"start":{"line":34,"column":23},"end":{"line":34,"column":33}},"18":{"start":{"line":35,"column":24},"end":{"line":35,"column":60}},"19":{"start":{"line":36,"column":31},"end":{"line":36,"column":56}},"20":{"start":{"line":37,"column":2},"end":{"line":37,"column":115}},"21":{"start":{"line":40,"column":25},"end":{"line":40,"column":35}},"22":{"start":{"line":41,"column":26},"end":{"line":41,"column":63}},"23":{"start":{"line":42,"column":34},"end":{"line":42,"column":61}},"24":{"start":{"line":43,"column":2},"end":{"line":43,"column":127}},"25":{"start":{"line":46,"column":22},"end":{"line":46,"column":32}},"26":{"start":{"line":47,"column":23},"end":{"line":47,"column":64}},"27":{"start":{"line":48,"column":29},"end":{"line":48,"column":53}},"28":{"start":{"line":49,"column":2},"end":{"line":49,"column":121}},"29":{"start":{"line":52,"column":23},"end":{"line":52,"column":33}},"30":{"start":{"line":53,"column":24},"end":{"line":53,"column":60}},"31":{"start":{"line":54,"column":29},"end":{"line":54,"column":54}},"32":{"start":{"line":55,"column":2},"end":{"line":55,"column":125}},"33":{"start":{"line":57,"column":20},"end":{"line":57,"column":42}},"34":{"start":{"line":59,"column":35},"end":{"line":71,"column":4}},"35":{"start":{"line":73,"column":2},"end":{"line":73,"column":55}},"36":{"start":{"line":74,"column":2},"end":{"line":74,"column":48}},"37":{"start":{"line":76,"column":2},"end":{"line":79,"column":4}}},"fnMap":{"0":{"name":"runPipeline","decl":{"start":{"line":16,"column":16},"end":{"line":16,"column":27}},"loc":{"start":{"line":16,"column":40},"end":{"line":80,"column":1}}}},"branchMap":{},"s":{"0":3,"1":3,"2":3,"3":3,"4":3,"5":3,"6":3,"7":5,"8":5,"9":5,"10":5,"11":5,"12":5,"13":5,"14":5,"15":5,"16":5,"17":5,"18":5,"19":5,"20":5,"21":5,"22":5,"23":5,"24":5,"25":5,"26":5,"27":5,"28":5,"29":5,"30":5,"31":5,"32":5,"33":5,"34":5,"35":5,"36":5,"37":5},"f":{"0":5},"b":{}}
,"/Users/avid/Desktop/freelance/framer-exporter/lib/pipeline/stages/1-html-parser.ts": {"path":"/Users/avid/Desktop/freelance/framer-exporter/lib/pipeline/stages/1-html-parser.ts","statementMap":{"0":{"start":{"line":4,"column":0},"end":{"line":4,"column":16}},"1":{"start":{"line":1,"column":0},"end":{"line":1,"column":35}},"2":{"start":{"line":5,"column":20},"end":{"line":5,"column":30}},"3":{"start":{"line":7,"column":12},"end":{"line":7,"column":30}},"4":{"start":{"line":9,"column":18},"end":{"line":9,"column":35}},"5":{"start":{"line":10,"column":18},"end":{"line":10,"column":19}},"6":{"start":{"line":13,"column":4},"end":{"line":13,"column":30}},"7":{"start":{"line":13,"column":18},"end":{"line":13,"column":30}},"8":{"start":{"line":15,"column":29},"end":{"line":20,"column":6}},"9":{"start":{"line":22,"column":4},"end":{"line":22,"column":16}},"10":{"start":{"line":23,"column":4},"end":{"line":23,"column":40}},"11":{"start":{"line":25,"column":4},"end":{"line":32,"column":5}},"12":{"start":{"line":26,"column":6},"end":{"line":31,"column":9}},"13":{"start":{"line":27,"column":26},"end":{"line":27,"column":48}},"14":{"start":{"line":28,"column":8},"end":{"line":30,"column":9}},"15":{"start":{"line":29,"column":10},"end":{"line":29,"column":40}},"16":{"start":{"line":34,"column":4},"end":{"line":34,"column":16}},"17":{"start":{"line":38,"column":25},"end":{"line":38,"column":29}},"18":{"start":{"line":41,"column":22},"end":{"line":41,"column":51}},"19":{"start":{"line":43,"column":2},"end":{"line":57,"column":3}},"20":{"start":{"line":44,"column":24},"end":{"line":45,"column":null}},"21":{"start":{"line":45,"column":22},"end":{"line":45,"column":67}},"22":{"start":{"line":48,"column":4},"end":{"line":56,"column":5}},"23":{"start":{"line":50,"column":6},"end":{"line":55,"column":7}},"24":{"start":{"line":51,"column":8},"end":{"line":54,"column":9}},"25":{"start":{"line":52,"column":10},"end":{"line":52,"column":37}},"26":{"start":{"line":53,"column":10},"end":{"line":53,"column":16}},"27":{"start":{"line":60,"column":4},"end":{"line":62,"column":53}},"28":{"start":{"line":64,"column":20},"end":{"line":64,"column":42}},"29":{"start":{"line":66,"column":2},"end":{"line":71,"column":4}}},"fnMap":{"0":{"name":"parseHTML","decl":{"start":{"line":4,"column":16},"end":{"line":4,"column":25}},"loc":{"start":{"line":4,"column":38},"end":{"line":72,"column":1}}},"1":{"name":"traverse","decl":{"start":{"line":12,"column":11},"end":{"line":12,"column":19}},"loc":{"start":{"line":12,"column":32},"end":{"line":35,"column":3}}},"2":{"name":"(anonymous_11)","decl":{"start":{"line":26,"column":31},"end":{"line":26,"column":32}},"loc":{"start":{"line":26,"column":46},"end":{"line":31,"column":7}}},"3":{"name":"(anonymous_12)","decl":{"start":{"line":45,"column":6},"end":{"line":45,"column":7}},"loc":{"start":{"line":45,"column":22},"end":{"line":45,"column":67}}}},"branchMap":{"0":{"loc":{"start":{"line":13,"column":4},"end":{"line":13,"column":30}},"type":"if","locations":[{"start":{"line":13,"column":4},"end":{"line":13,"column":30}}]},"1":{"loc":{"start":{"line":16,"column":11},"end":{"line":16,"column":33}},"type":"binary-expr","locations":[{"start":{"line":16,"column":11},"end":{"line":16,"column":23}},{"start":{"line":16,"column":27},"end":{"line":16,"column":33}}]},"2":{"loc":{"start":{"line":19,"column":12},"end":{"line":19,"column":62}},"type":"cond-expr","locations":[{"start":{"line":19,"column":38},"end":{"line":19,"column":50}},{"start":{"line":19,"column":53},"end":{"line":19,"column":62}}]},"3":{"loc":{"start":{"line":23,"column":16},"end":{"line":23,"column":38}},"type":"binary-expr","locations":[{"start":{"line":23,"column":16},"end":{"line":23,"column":28}},{"start":{"line":23,"column":32},"end":{"line":23,"column":38}}]},"4":{"loc":{"start":{"line":25,"column":4},"end":{"line":32,"column":5}},"type":"if","locations":[{"start":{"line":25,"column":4},"end":{"line":32,"column":5}}]},"5":{"loc":{"start":{"line":28,"column":8},"end":{"line":30,"column":9}},"type":"if","locations":[{"start":{"line":28,"column":8},"end":{"line":30,"column":9}}]},"6":{"loc":{"start":{"line":43,"column":2},"end":{"line":57,"column":3}},"type":"if","locations":[{"start":{"line":43,"column":2},"end":{"line":57,"column":3}}]},"7":{"loc":{"start":{"line":43,"column":6},"end":{"line":43,"column":48}},"type":"binary-expr","locations":[{"start":{"line":43,"column":6},"end":{"line":43,"column":17}},{"start":{"line":43,"column":21},"end":{"line":43,"column":48}}]},"8":{"loc":{"start":{"line":45,"column":22},"end":{"line":45,"column":67}},"type":"binary-expr","locations":[{"start":{"line":45,"column":22},"end":{"line":45,"column":42}},{"start":{"line":45,"column":46},"end":{"line":45,"column":67}}]},"9":{"loc":{"start":{"line":48,"column":4},"end":{"line":56,"column":5}},"type":"if","locations":[{"start":{"line":48,"column":4},"end":{"line":56,"column":5}}]},"10":{"loc":{"start":{"line":48,"column":8},"end":{"line":48,"column":78}},"type":"binary-expr","locations":[{"start":{"line":48,"column":8},"end":{"line":48,"column":19}},{"start":{"line":48,"column":23},"end":{"line":48,"column":43}},{"start":{"line":48,"column":47},"end":{"line":48,"column":78}}]},"11":{"loc":{"start":{"line":51,"column":8},"end":{"line":54,"column":9}},"type":"if","locations":[{"start":{"line":51,"column":8},"end":{"line":54,"column":9}}]},"12":{"loc":{"start":{"line":60,"column":4},"end":{"line":62,"column":53}},"type":"cond-expr","locations":[{"start":{"line":61,"column":8},"end":{"line":61,"column":30}},{"start":{"line":62,"column":8},"end":{"line":62,"column":53}}]},"13":{"loc":{"start":{"line":60,"column":4},"end":{"line":60,"column":40}},"type":"binary-expr","locations":[{"start":{"line":60,"column":4},"end":{"line":60,"column":15}},{"start":{"line":60,"column":19},"end":{"line":60,"column":40}}]}},"s":{"0":4,"1":4,"2":11,"3":11,"4":11,"5":11,"6":640,"7":0,"8":640,"9":640,"10":640,"11":640,"12":332,"13":618,"14":618,"15":618,"16":640,"17":11,"18":11,"19":11,"20":11,"21":25,"22":11,"23":11,"24":14,"25":11,"26":11,"27":11,"28":11,"29":11},"f":{"0":11,"1":640,"2":618,"3":25},"b":{"0":[0],"1":[640,308],"2":[308,332],"3":[640,308],"4":[332],"5":[618],"6":[11],"7":[11,11],"8":[25,22],"9":[11],"10":[11,11,11],"11":[11],"12":[11,0],"13":[11,11]}}
,"/Users/avid/Desktop/freelance/framer-exporter/lib/pipeline/stages/2-normalizer.ts": {"path":"/Users/avid/Desktop/freelance/framer-exporter/lib/pipeline/stages/2-normalizer.ts","statementMap":{"0":{"start":{"line":15,"column":0},"end":{"line":15,"column":16}},"1":{"start":{"line":2,"column":0},"end":{"line":2,"column":65}},"2":{"start":{"line":3,"column":0},"end":{"line":3,"column":82}},"3":{"start":{"line":6,"column":2},"end":{"line":12,"column":4}},"4":{"start":{"line":16,"column":21},"end":{"line":16,"column":22}},"5":{"start":{"line":19,"column":4},"end":{"line":22,"column":5}},"6":{"start":{"line":20,"column":6},"end":{"line":20,"column":21}},"7":{"start":{"line":21,"column":6},"end":{"line":21,"column":18}},"8":{"start":{"line":24,"column":23},"end":{"line":24,"column":45}},"9":{"start":{"line":26,"column":4},"end":{"line":29,"column":5}},"10":{"start":{"line":27,"column":6},"end":{"line":27,"column":63}},"11":{"start":{"line":28,"column":6},"end":{"line":28,"column":53}},"12":{"start":{"line":28,"column":29},"end":{"line":28,"column":53}},"13":{"start":{"line":31,"column":4},"end":{"line":36,"column":5}},"14":{"start":{"line":32,"column":19},"end":{"line":32,"column":56}},"15":{"start":{"line":33,"column":6},"end":{"line":35,"column":7}},"16":{"start":{"line":34,"column":8},"end":{"line":34,"column":59}},"17":{"start":{"line":38,"column":28},"end":{"line":40,"column":61}},"18":{"start":{"line":40,"column":46},"end":{"line":40,"column":60}},"19":{"start":{"line":42,"column":4},"end":{"line":47,"column":6}},"20":{"start":{"line":50,"column":22},"end":{"line":50,"column":45}},"21":{"start":{"line":51,"column":50},"end":{"line":51,"column":81}},"22":{"start":{"line":53,"column":2},"end":{"line":57,"column":4}}},"fnMap":{"0":{"name":"isEmptyDiv","decl":{"start":{"line":5,"column":9},"end":{"line":5,"column":19}},"loc":{"start":{"line":5,"column":36},"end":{"line":13,"column":1}}},"1":{"name":"normalize","decl":{"start":{"line":15,"column":16},"end":{"line":15,"column":25}},"loc":{"start":{"line":15,"column":42},"end":{"line":58,"column":1}}},"2":{"name":"cleanNode","decl":{"start":{"line":18,"column":11},"end":{"line":18,"column":20}},"loc":{"start":{"line":18,"column":37},"end":{"line":48,"column":3}}},"3":{"name":"(anonymous_3)","decl":{"start":{"line":40,"column":14},"end":{"line":40,"column":15}},"loc":{"start":{"line":40,"column":46},"end":{"line":40,"column":60}}}},"branchMap":{"0":{"loc":{"start":{"line":7,"column":4},"end":{"line":11,"column":26}},"type":"binary-expr","locations":[{"start":{"line":7,"column":4},"end":{"line":7,"column":22}},{"start":{"line":8,"column":4},"end":{"line":8,"column":14}},{"start":{"line":9,"column":4},"end":{"line":9,"column":30}},{"start":{"line":10,"column":4},"end":{"line":10,"column":26}},{"start":{"line":11,"column":4},"end":{"line":11,"column":26}}]},"1":{"loc":{"start":{"line":19,"column":4},"end":{"line":22,"column":5}},"type":"if","locations":[{"start":{"line":19,"column":4},"end":{"line":22,"column":5}}]},"2":{"loc":{"start":{"line":26,"column":4},"end":{"line":29,"column":5}},"type":"if","locations":[{"start":{"line":26,"column":4},"end":{"line":29,"column":5}}]},"3":{"loc":{"start":{"line":28,"column":6},"end":{"line":28,"column":53}},"type":"if","locations":[{"start":{"line":28,"column":6},"end":{"line":28,"column":53}}]},"4":{"loc":{"start":{"line":31,"column":4},"end":{"line":36,"column":5}},"type":"if","locations":[{"start":{"line":31,"column":4},"end":{"line":36,"column":5}}]},"5":{"loc":{"start":{"line":33,"column":6},"end":{"line":35,"column":7}},"type":"if","locations":[{"start":{"line":33,"column":6},"end":{"line":35,"column":7}}]},"6":{"loc":{"start":{"line":50,"column":22},"end":{"line":50,"column":45}},"type":"binary-expr","locations":[{"start":{"line":50,"column":22},"end":{"line":50,"column":37}},{"start":{"line":50,"column":41},"end":{"line":50,"column":45}}]}},"s":{"0":4,"1":4,"2":4,"3":111,"4":9,"5":111,"6":1,"7":1,"8":110,"9":110,"10":28,"11":28,"12":3,"13":110,"14":4,"15":4,"16":1,"17":110,"18":102,"19":110,"20":9,"21":9,"22":9},"f":{"0":111,"1":9,"2":111,"3":102},"b":{"0":[111,16,15,3,2],"1":[1],"2":[28],"3":[3],"4":[4],"5":[1],"6":[9,0]}}
,"/Users/avid/Desktop/freelance/framer-exporter/lib/pipeline/stages/3-section-detector.ts": {"path":"/Users/avid/Desktop/freelance/framer-exporter/lib/pipeline/stages/3-section-detector.ts","statementMap":{"0":{"start":{"line":14,"column":0},"end":{"line":14,"column":16}},"1":{"start":{"line":3,"column":22},"end":{"line":12,"column":2}},"2":{"start":{"line":15,"column":30},"end":{"line":15,"column":32}},"3":{"start":{"line":16,"column":18},"end":{"line":16,"column":19}},"4":{"start":{"line":19,"column":16},"end":{"line":19,"column":24}},"5":{"start":{"line":20,"column":20},"end":{"line":20,"column":63}},"6":{"start":{"line":22,"column":4},"end":{"line":22,"column":42}},"7":{"start":{"line":22,"column":26},"end":{"line":22,"column":42}},"8":{"start":{"line":23,"column":4},"end":{"line":23,"column":39}},"9":{"start":{"line":23,"column":23},"end":{"line":23,"column":39}},"10":{"start":{"line":24,"column":4},"end":{"line":24,"column":42}},"11":{"start":{"line":24,"column":26},"end":{"line":24,"column":42}},"12":{"start":{"line":26,"column":4},"end":{"line":30,"column":5}},"13":{"start":{"line":27,"column":6},"end":{"line":29,"column":7}},"14":{"start":{"line":27,"column":32},"end":{"line":27,"column":52}},"15":{"start":{"line":28,"column":8},"end":{"line":28,"column":39}},"16":{"start":{"line":32,"column":4},"end":{"line":32,"column":16}},"17":{"start":{"line":36,"column":24},"end":{"line":36,"column":44}},"18":{"start":{"line":38,"column":4},"end":{"line":45,"column":5}},"19":{"start":{"line":39,"column":6},"end":{"line":44,"column":9}},"20":{"start":{"line":47,"column":4},"end":{"line":47,"column":65}},"21":{"start":{"line":47,"column":37},"end":{"line":47,"column":63}},"22":{"start":{"line":50,"column":2},"end":{"line":50,"column":20}},"23":{"start":{"line":52,"column":2},"end":{"line":52,"column":28}}},"fnMap":{"0":{"name":"detectSections","decl":{"start":{"line":14,"column":16},"end":{"line":14,"column":30}},"loc":{"start":{"line":14,"column":47},"end":{"line":53,"column":1}}},"1":{"name":"getSectionType","decl":{"start":{"line":18,"column":11},"end":{"line":18,"column":25}},"loc":{"start":{"line":18,"column":42},"end":{"line":33,"column":3}}},"2":{"name":"(anonymous_2)","decl":{"start":{"line":27,"column":24},"end":{"line":27,"column":25}},"loc":{"start":{"line":27,"column":32},"end":{"line":27,"column":52}}},"3":{"name":"traverse","decl":{"start":{"line":35,"column":11},"end":{"line":35,"column":19}},"loc":{"start":{"line":35,"column":51},"end":{"line":48,"column":3}}},"4":{"name":"(anonymous_4)","decl":{"start":{"line":47,"column":26},"end":{"line":47,"column":27}},"loc":{"start":{"line":47,"column":37},"end":{"line":47,"column":63}}}},"branchMap":{"0":{"loc":{"start":{"line":20,"column":21},"end":{"line":20,"column":48}},"type":"binary-expr","locations":[{"start":{"line":20,"column":21},"end":{"line":20,"column":42}},{"start":{"line":20,"column":46},"end":{"line":20,"column":48}}]},"1":{"loc":{"start":{"line":22,"column":4},"end":{"line":22,"column":42}},"type":"if","locations":[{"start":{"line":22,"column":4},"end":{"line":22,"column":42}}]},"2":{"loc":{"start":{"line":23,"column":4},"end":{"line":23,"column":39}},"type":"if","locations":[{"start":{"line":23,"column":4},"end":{"line":23,"column":39}}]},"3":{"loc":{"start":{"line":24,"column":4},"end":{"line":24,"column":42}},"type":"if","locations":[{"start":{"line":24,"column":4},"end":{"line":24,"column":42}}]},"4":{"loc":{"start":{"line":27,"column":6},"end":{"line":29,"column":7}},"type":"if","locations":[{"start":{"line":27,"column":6},"end":{"line":29,"column":7}}]},"5":{"loc":{"start":{"line":38,"column":4},"end":{"line":45,"column":5}},"type":"if","locations":[{"start":{"line":38,"column":4},"end":{"line":45,"column":5}}]}},"s":{"0":4,"1":4,"2":8,"3":8,"4":107,"5":107,"6":107,"7":5,"8":102,"9":0,"10":102,"11":4,"12":98,"13":709,"14":1496,"15":16,"16":82,"17":107,"18":107,"19":25,"20":107,"21":99,"22":8,"23":8},"f":{"0":8,"1":107,"2":1496,"3":107,"4":99},"b":{"0":[107,82],"1":[5],"2":[0],"3":[4],"4":[16],"5":[25]}}
,"/Users/avid/Desktop/freelance/framer-exporter/lib/pipeline/stages/4-component-extractor.ts": {"path":"/Users/avid/Desktop/freelance/framer-exporter/lib/pipeline/stages/4-component-extractor.ts","statementMap":{"0":{"start":{"line":13,"column":0},"end":{"line":13,"column":16}},"1":{"start":{"line":4,"column":18},"end":{"line":4,"column":75}},"2":{"start":{"line":5,"column":20},"end":{"line":8,"column":14}},"3":{"start":{"line":6,"column":19},"end":{"line":6,"column":40}},"4":{"start":{"line":10,"column":2},"end":{"line":10,"column":61}},"5":{"start":{"line":14,"column":19},"end":{"line":14,"column":54}},"6":{"start":{"line":15,"column":47},"end":{"line":15,"column":49}},"7":{"start":{"line":16,"column":20},"end":{"line":16,"column":21}},"8":{"start":{"line":19,"column":16},"end":{"line":19,"column":39}},"9":{"start":{"line":21,"column":4},"end":{"line":28,"column":5}},"10":{"start":{"line":22,"column":6},"end":{"line":27,"column":9}},"11":{"start":{"line":30,"column":20},"end":{"line":30,"column":38}},"12":{"start":{"line":31,"column":4},"end":{"line":31,"column":26}},"13":{"start":{"line":32,"column":4},"end":{"line":32,"column":29}},"14":{"start":{"line":34,"column":4},"end":{"line":34,"column":36}},"15":{"start":{"line":37,"column":2},"end":{"line":37,"column":17}},"16":{"start":{"line":39,"column":34},"end":{"line":39,"column":36}},"17":{"start":{"line":41,"column":2},"end":{"line":65,"column":5}},"18":{"start":{"line":42,"column":4},"end":{"line":64,"column":5}},"19":{"start":{"line":43,"column":6},"end":{"line":43,"column":33}},"20":{"start":{"line":44,"column":21},"end":{"line":44,"column":49}},"21":{"start":{"line":46,"column":21},"end":{"line":46,"column":52}},"22":{"start":{"line":47,"column":6},"end":{"line":50,"column":75}},"23":{"start":{"line":47,"column":30},"end":{"line":47,"column":48}},"24":{"start":{"line":48,"column":11},"end":{"line":50,"column":75}},"25":{"start":{"line":48,"column":33},"end":{"line":48,"column":56}},"26":{"start":{"line":49,"column":11},"end":{"line":50,"column":75}},"27":{"start":{"line":49,"column":35},"end":{"line":49,"column":54}},"28":{"start":{"line":50,"column":11},"end":{"line":50,"column":75}},"29":{"start":{"line":52,"column":6},"end":{"line":58,"column":9}},"30":{"start":{"line":60,"column":6},"end":{"line":63,"column":9}},"31":{"start":{"line":61,"column":23},"end":{"line":61,"column":79}},"32":{"start":{"line":62,"column":8},"end":{"line":62,"column":38}},"33":{"start":{"line":67,"column":2},"end":{"line":67,"column":44}}},"fnMap":{"0":{"name":"generateSignature","decl":{"start":{"line":3,"column":9},"end":{"line":3,"column":26}},"loc":{"start":{"line":3,"column":43},"end":{"line":11,"column":1}}},"1":{"name":"(anonymous_1)","decl":{"start":{"line":6,"column":12},"end":{"line":6,"column":13}},"loc":{"start":{"line":6,"column":19},"end":{"line":6,"column":40}}},"2":{"name":"extractComponents","decl":{"start":{"line":13,"column":16},"end":{"line":13,"column":33}},"loc":{"start":{"line":13,"column":50},"end":{"line":68,"column":1}}},"3":{"name":"traverse","decl":{"start":{"line":18,"column":11},"end":{"line":18,"column":19}},"loc":{"start":{"line":18,"column":36},"end":{"line":35,"column":3}}},"4":{"name":"(anonymous_4)","decl":{"start":{"line":41,"column":19},"end":{"line":41,"column":20}},"loc":{"start":{"line":41,"column":31},"end":{"line":65,"column":3}}},"5":{"name":"(anonymous_5)","decl":{"start":{"line":60,"column":28},"end":{"line":60,"column":29}},"loc":{"start":{"line":60,"column":42},"end":{"line":63,"column":7}}}},"branchMap":{"0":{"loc":{"start":{"line":4,"column":19},"end":{"line":4,"column":46}},"type":"binary-expr","locations":[{"start":{"line":4,"column":19},"end":{"line":4,"column":40}},{"start":{"line":4,"column":44},"end":{"line":4,"column":46}}]},"1":{"loc":{"start":{"line":21,"column":4},"end":{"line":28,"column":5}},"type":"if","locations":[{"start":{"line":21,"column":4},"end":{"line":28,"column":5}}]},"2":{"loc":{"start":{"line":42,"column":4},"end":{"line":64,"column":5}},"type":"if","locations":[{"start":{"line":42,"column":4},"end":{"line":64,"column":5}}]},"3":{"loc":{"start":{"line":47,"column":6},"end":{"line":50,"column":75}},"type":"if","locations":[{"start":{"line":47,"column":6},"end":{"line":50,"column":75}},{"start":{"line":48,"column":11},"end":{"line":50,"column":75}}]},"4":{"loc":{"start":{"line":48,"column":11},"end":{"line":50,"column":75}},"type":"if","locations":[{"start":{"line":48,"column":11},"end":{"line":50,"column":75}},{"start":{"line":49,"column":11},"end":{"line":50,"column":75}}]},"5":{"loc":{"start":{"line":49,"column":11},"end":{"line":50,"column":75}},"type":"if","locations":[{"start":{"line":49,"column":11},"end":{"line":50,"column":75}},{"start":{"line":50,"column":11},"end":{"line":50,"column":75}}]},"6":{"loc":{"start":{"line":61,"column":23},"end":{"line":61,"column":79}},"type":"binary-expr","locations":[{"start":{"line":61,"column":23},"end":{"line":61,"column":41}},{"start":{"line":61,"column":45},"end":{"line":61,"column":79}}]}},"s":{"0":4,"1":108,"2":108,"3":31,"4":108,"5":8,"6":8,"7":8,"8":108,"9":108,"10":49,"11":108,"12":108,"13":108,"14":108,"15":8,"16":8,"17":8,"18":49,"19":17,"20":17,"21":17,"22":17,"23":1,"24":16,"25":11,"26":5,"27":0,"28":5,"29":17,"30":17,"31":76,"32":76,"33":8},"f":{"0":108,"1":31,"2":8,"3":108,"4":49,"5":76},"b":{"0":[108,80],"1":[49],"2":[17],"3":[1,16],"4":[11,5],"5":[0,5],"6":[76,76]}}
,"/Users/avid/Desktop/freelance/framer-exporter/lib/pipeline/stages/5-semantic-namer.ts": {"path":"/Users/avid/Desktop/freelance/framer-exporter/lib/pipeline/stages/5-semantic-namer.ts","statementMap":{"0":{"start":{"line":30,"column":0},"end":{"line":30,"column":16}},"1":{"start":{"line":4,"column":14},"end":{"line":4,"column":22}},"2":{"start":{"line":5,"column":18},"end":{"line":5,"column":61}},"3":{"start":{"line":6,"column":22},"end":{"line":6,"column":59}},"4":{"start":{"line":8,"column":2},"end":{"line":8,"column":69}},"5":{"start":{"line":8,"column":52},"end":{"line":8,"column":69}},"6":{"start":{"line":9,"column":2},"end":{"line":9,"column":62}},"7":{"start":{"line":9,"column":46},"end":{"line":9,"column":62}},"8":{"start":{"line":10,"column":2},"end":{"line":10,"column":40}},"9":{"start":{"line":10,"column":24},"end":{"line":10,"column":40}},"10":{"start":{"line":11,"column":2},"end":{"line":11,"column":36}},"11":{"start":{"line":11,"column":22},"end":{"line":11,"column":36}},"12":{"start":{"line":12,"column":2},"end":{"line":12,"column":38}},"13":{"start":{"line":12,"column":23},"end":{"line":12,"column":38}},"14":{"start":{"line":13,"column":2},"end":{"line":13,"column":36}},"15":{"start":{"line":13,"column":21},"end":{"line":13,"column":36}},"16":{"start":{"line":14,"column":2},"end":{"line":14,"column":35}},"17":{"start":{"line":14,"column":21},"end":{"line":14,"column":35}},"18":{"start":{"line":16,"column":2},"end":{"line":16,"column":46}},"19":{"start":{"line":16,"column":32},"end":{"line":16,"column":46}},"20":{"start":{"line":17,"column":2},"end":{"line":17,"column":51}},"21":{"start":{"line":17,"column":31},"end":{"line":17,"column":51}},"22":{"start":{"line":18,"column":2},"end":{"line":18,"column":50}},"23":{"start":{"line":18,"column":34},"end":{"line":18,"column":50}},"24":{"start":{"line":19,"column":2},"end":{"line":19,"column":60}},"25":{"start":{"line":19,"column":39},"end":{"line":19,"column":60}},"26":{"start":{"line":20,"column":2},"end":{"line":20,"column":46}},"27":{"start":{"line":20,"column":32},"end":{"line":20,"column":46}},"28":{"start":{"line":21,"column":2},"end":{"line":21,"column":55}},"29":{"start":{"line":21,"column":35},"end":{"line":21,"column":55}},"30":{"start":{"line":22,"column":2},"end":{"line":22,"column":44}},"31":{"start":{"line":22,"column":31},"end":{"line":22,"column":44}},"32":{"start":{"line":23,"column":2},"end":{"line":23,"column":48}},"33":{"start":{"line":23,"column":33},"end":{"line":23,"column":48}},"34":{"start":{"line":25,"column":2},"end":{"line":25,"column":85}},"35":{"start":{"line":25,"column":19},"end":{"line":25,"column":85}},"36":{"start":{"line":27,"column":2},"end":{"line":27,"column":19}},"37":{"start":{"line":31,"column":44},"end":{"line":31,"column":46}},"38":{"start":{"line":32,"column":25},"end":{"line":32,"column":26}},"39":{"start":{"line":35,"column":25},"end":{"line":35,"column":48}},"40":{"start":{"line":36,"column":19},"end":{"line":36,"column":69}},"41":{"start":{"line":38,"column":20},"end":{"line":38,"column":112}},"42":{"start":{"line":40,"column":4},"end":{"line":40,"column":34}},"43":{"start":{"line":42,"column":4},"end":{"line":47,"column":6}},"44":{"start":{"line":50,"column":20},"end":{"line":50,"column":34}},"45":{"start":{"line":52,"column":2},"end":{"line":52,"column":40}}},"fnMap":{"0":{"name":"inferSemanticName","decl":{"start":{"line":3,"column":9},"end":{"line":3,"column":26}},"loc":{"start":{"line":3,"column":43},"end":{"line":28,"column":1}}},"1":{"name":"assignSemanticNames","decl":{"start":{"line":30,"column":16},"end":{"line":30,"column":35}},"loc":{"start":{"line":30,"column":52},"end":{"line":53,"column":1}}},"2":{"name":"traverse","decl":{"start":{"line":34,"column":11},"end":{"line":34,"column":19}},"loc":{"start":{"line":34,"column":36},"end":{"line":48,"column":3}}}},"branchMap":{"0":{"loc":{"start":{"line":5,"column":19},"end":{"line":5,"column":46}},"type":"binary-expr","locations":[{"start":{"line":5,"column":19},"end":{"line":5,"column":40}},{"start":{"line":5,"column":44},"end":{"line":5,"column":46}}]},"1":{"loc":{"start":{"line":6,"column":22},"end":{"line":6,"column":59}},"type":"binary-expr","locations":[{"start":{"line":6,"column":22},"end":{"line":6,"column":53}},{"start":{"line":6,"column":57},"end":{"line":6,"column":59}}]},"2":{"loc":{"start":{"line":8,"column":2},"end":{"line":8,"column":69}},"type":"if","locations":[{"start":{"line":8,"column":2},"end":{"line":8,"column":69}}]},"3":{"loc":{"start":{"line":8,"column":6},"end":{"line":8,"column":50}},"type":"binary-expr","locations":[{"start":{"line":8,"column":6},"end":{"line":8,"column":18}},{"start":{"line":8,"column":22},"end":{"line":8,"column":34}},{"start":{"line":8,"column":38},"end":{"line":8,"column":50}}]},"4":{"loc":{"start":{"line":9,"column":2},"end":{"line":9,"column":62}},"type":"if","locations":[{"start":{"line":9,"column":2},"end":{"line":9,"column":62}}]},"5":{"loc":{"start":{"line":9,"column":6},"end":{"line":9,"column":44}},"type":"binary-expr","locations":[{"start":{"line":9,"column":6},"end":{"line":9,"column":17}},{"start":{"line":9,"column":21},"end":{"line":9,"column":44}}]},"6":{"loc":{"start":{"line":10,"column":2},"end":{"line":10,"column":40}},"type":"if","locations":[{"start":{"line":10,"column":2},"end":{"line":10,"column":40}}]},"7":{"loc":{"start":{"line":11,"column":2},"end":{"line":11,"column":36}},"type":"if","locations":[{"start":{"line":11,"column":2},"end":{"line":11,"column":36}}]},"8":{"loc":{"start":{"line":12,"column":2},"end":{"line":12,"column":38}},"type":"if","locations":[{"start":{"line":12,"column":2},"end":{"line":12,"column":38}}]},"9":{"loc":{"start":{"line":13,"column":2},"end":{"line":13,"column":36}},"type":"if","locations":[{"start":{"line":13,"column":2},"end":{"line":13,"column":36}}]},"10":{"loc":{"start":{"line":14,"column":2},"end":{"line":14,"column":35}},"type":"if","locations":[{"start":{"line":14,"column":2},"end":{"line":14,"column":35}}]},"11":{"loc":{"start":{"line":16,"column":2},"end":{"line":16,"column":46}},"type":"if","locations":[{"start":{"line":16,"column":2},"end":{"line":16,"column":46}}]},"12":{"loc":{"start":{"line":17,"column":2},"end":{"line":17,"column":51}},"type":"if","locations":[{"start":{"line":17,"column":2},"end":{"line":17,"column":51}}]},"13":{"loc":{"start":{"line":18,"column":2},"end":{"line":18,"column":50}},"type":"if","locations":[{"start":{"line":18,"column":2},"end":{"line":18,"column":50}}]},"14":{"loc":{"start":{"line":19,"column":2},"end":{"line":19,"column":60}},"type":"if","locations":[{"start":{"line":19,"column":2},"end":{"line":19,"column":60}}]},"15":{"loc":{"start":{"line":20,"column":2},"end":{"line":20,"column":46}},"type":"if","locations":[{"start":{"line":20,"column":2},"end":{"line":20,"column":46}}]},"16":{"loc":{"start":{"line":21,"column":2},"end":{"line":21,"column":55}},"type":"if","locations":[{"start":{"line":21,"column":2},"end":{"line":21,"column":55}}]},"17":{"loc":{"start":{"line":22,"column":2},"end":{"line":22,"column":44}},"type":"if","locations":[{"start":{"line":22,"column":2},"end":{"line":22,"column":44}}]},"18":{"loc":{"start":{"line":23,"column":2},"end":{"line":23,"column":48}},"type":"if","locations":[{"start":{"line":23,"column":2},"end":{"line":23,"column":48}}]},"19":{"loc":{"start":{"line":25,"column":2},"end":{"line":25,"column":85}},"type":"if","locations":[{"start":{"line":25,"column":2},"end":{"line":25,"column":85}}]},"20":{"loc":{"start":{"line":36,"column":19},"end":{"line":36,"column":69}},"type":"binary-expr","locations":[{"start":{"line":36,"column":19},"end":{"line":36,"column":37}},{"start":{"line":36,"column":41},"end":{"line":36,"column":69}}]},"21":{"loc":{"start":{"line":38,"column":20},"end":{"line":38,"column":112}},"type":"binary-expr","locations":[{"start":{"line":38,"column":20},"end":{"line":38,"column":32}},{"start":{"line":38,"column":36},"end":{"line":38,"column":112}}]}},"s":{"0":4,"1":105,"2":105,"3":105,"4":105,"5":6,"6":99,"7":1,"8":98,"9":0,"10":98,"11":0,"12":98,"13":0,"14":98,"15":0,"16":98,"17":0,"18":98,"19":0,"20":98,"21":0,"22":98,"23":3,"24":95,"25":9,"26":86,"27":3,"28":83,"29":9,"30":74,"31":0,"32":74,"33":0,"34":74,"35":1,"36":73,"37":8,"38":8,"39":105,"40":105,"41":105,"42":105,"43":105,"44":8,"45":8},"f":{"0":105,"1":8,"2":105},"b":{"0":[105,80],"1":[105,104],"2":[6],"3":[105,100,99],"4":[1],"5":[99,1],"6":[0],"7":[0],"8":[0],"9":[0],"10":[0],"11":[0],"12":[0],"13":[3],"14":[9],"15":[3],"16":[9],"17":[0],"18":[0],"19":[1],"20":[105,101],"21":[105,73]}}
,"/Users/avid/Desktop/freelance/framer-exporter/lib/pipeline/stages/6-code-generator.ts": {"path":"/Users/avid/Desktop/freelance/framer-exporter/lib/pipeline/stages/6-code-generator.ts","statementMap":{"0":{"start":{"line":46,"column":0},"end":{"line":46,"column":16}},"1":{"start":{"line":4,"column":20},"end":{"line":4,"column":85}},"2":{"start":{"line":5,"column":16},"end":{"line":7,"column":13}},"3":{"start":{"line":6,"column":21},"end":{"line":6,"column":35}},"4":{"start":{"line":9,"column":19},"end":{"line":9,"column":73}},"5":{"start":{"line":10,"column":15},"end":{"line":10,"column":41}},"6":{"start":{"line":12,"column":2},"end":{"line":12,"column":77}},"7":{"start":{"line":16,"column":15},"end":{"line":21,"column":13}},"8":{"start":{"line":18,"column":13},"end":{"line":19,"column":72}},"9":{"start":{"line":23,"column":2},"end":{"line":43,"column":2}},"10":{"start":{"line":47,"column":23},"end":{"line":47,"column":65}},"11":{"start":{"line":48,"column":42},"end":{"line":48,"column":44}},"12":{"start":{"line":51,"column":4},"end":{"line":58,"column":5}},"13":{"start":{"line":52,"column":6},"end":{"line":57,"column":9}},"14":{"start":{"line":60,"column":4},"end":{"line":60,"column":45}},"15":{"start":{"line":63,"column":2},"end":{"line":63,"column":36}},"16":{"start":{"line":65,"column":25},"end":{"line":65,"column":58}},"17":{"start":{"line":67,"column":18},"end":{"line":71,"column":4}},"18":{"start":{"line":73,"column":2},"end":{"line":78,"column":4}}},"fnMap":{"0":{"name":"serializeNodeWithSemantics","decl":{"start":{"line":3,"column":9},"end":{"line":3,"column":35}},"loc":{"start":{"line":3,"column":58},"end":{"line":13,"column":1}}},"1":{"name":"(anonymous_1)","decl":{"start":{"line":6,"column":9},"end":{"line":6,"column":10}},"loc":{"start":{"line":6,"column":21},"end":{"line":6,"column":35}}},"2":{"name":"generateComponentDocs","decl":{"start":{"line":15,"column":9},"end":{"line":15,"column":30}},"loc":{"start":{"line":15,"column":62},"end":{"line":44,"column":1}}},"3":{"name":"(anonymous_3)","decl":{"start":{"line":18,"column":6},"end":{"line":18,"column":7}},"loc":{"start":{"line":18,"column":13},"end":{"line":19,"column":72}}},"4":{"name":"generateEnhancedOutput","decl":{"start":{"line":46,"column":16},"end":{"line":46,"column":38}},"loc":{"start":{"line":46,"column":59},"end":{"line":79,"column":1}}},"5":{"name":"extractComponents","decl":{"start":{"line":50,"column":11},"end":{"line":50,"column":28}},"loc":{"start":{"line":50,"column":51},"end":{"line":61,"column":3}}}},"branchMap":{"0":{"loc":{"start":{"line":4,"column":20},"end":{"line":4,"column":85}},"type":"cond-expr","locations":[{"start":{"line":4,"column":40},"end":{"line":4,"column":80}},{"start":{"line":4,"column":83},"end":{"line":4,"column":85}}]},"1":{"loc":{"start":{"line":10,"column":15},"end":{"line":10,"column":41}},"type":"cond-expr","locations":[{"start":{"line":10,"column":27},"end":{"line":10,"column":36}},{"start":{"line":10,"column":39},"end":{"line":10,"column":41}}]},"2":{"loc":{"start":{"line":51,"column":4},"end":{"line":58,"column":5}},"type":"if","locations":[{"start":{"line":51,"column":4},"end":{"line":58,"column":5}}]},"3":{"loc":{"start":{"line":51,"column":8},"end":{"line":51,"column":57}},"type":"binary-expr","locations":[{"start":{"line":51,"column":8},"end":{"line":51,"column":25}},{"start":{"line":51,"column":29},"end":{"line":51,"column":57}}]}},"s":{"0":4,"1":101,"2":101,"3":28,"4":101,"5":101,"6":101,"7":7,"8":100,"9":7,"10":7,"11":7,"12":101,"13":100,"14":101,"15":7,"16":7,"17":7,"18":7},"f":{"0":101,"1":28,"2":7,"3":100,"4":7,"5":101},"b":{"0":[101,0],"1":[49,52],"2":[100],"3":[101,101]}}
,"/Users/avid/Desktop/freelance/framer-exporter/lib/utils/css-parser.ts": {"path":"/Users/avid/Desktop/freelance/framer-exporter/lib/utils/css-parser.ts","statementMap":{"0":{"start":{"line":6,"column":0},"end":{"line":6,"column":16}},"1":{"start":{"line":15,"column":0},"end":{"line":15,"column":16}},"2":{"start":{"line":7,"column":19},"end":{"line":7,"column":46}},"3":{"start":{"line":8,"column":18},"end":{"line":8,"column":50}},"4":{"start":{"line":9,"column":2},"end":{"line":12,"column":6}},"5":{"start":{"line":9,"column":33},"end":{"line":12,"column":4}},"6":{"start":{"line":16,"column":2},"end":{"line":20,"column":12}},"7":{"start":{"line":18,"column":21},"end":{"line":18,"column":55}}},"fnMap":{"0":{"name":"extractCSSVariables","decl":{"start":{"line":6,"column":16},"end":{"line":6,"column":35}},"loc":{"start":{"line":6,"column":52},"end":{"line":13,"column":1}}},"1":{"name":"(anonymous_1)","decl":{"start":{"line":9,"column":21},"end":{"line":9,"column":22}},"loc":{"start":{"line":9,"column":33},"end":{"line":12,"column":4}}},"2":{"name":"removeFramerClasses","decl":{"start":{"line":15,"column":16},"end":{"line":15,"column":35}},"loc":{"start":{"line":15,"column":52},"end":{"line":21,"column":1}}},"3":{"name":"(anonymous_3)","decl":{"start":{"line":18,"column":12},"end":{"line":18,"column":13}},"loc":{"start":{"line":18,"column":21},"end":{"line":18,"column":55}}}},"branchMap":{},"s":{"0":4,"1":4,"2":4,"3":4,"4":4,"5":2,"6":28,"7":29},"f":{"0":4,"1":2,"2":28,"3":29},"b":{}}
,"/Users/avid/Desktop/freelance/framer-exporter/lib/utils/depth-flattener.ts": {"path":"/Users/avid/Desktop/freelance/framer-exporter/lib/utils/depth-flattener.ts","statementMap":{"0":{"start":{"line":5,"column":0},"end":{"line":5,"column":16}},"1":{"start":{"line":3,"column":18},"end":{"line":3,"column":19}},"2":{"start":{"line":6,"column":23},"end":{"line":6,"column":24}},"3":{"start":{"line":9,"column":4},"end":{"line":12,"column":5}},"4":{"start":{"line":10,"column":6},"end":{"line":10,"column":23}},"5":{"start":{"line":11,"column":6},"end":{"line":11,"column":46}},"6":{"start":{"line":14,"column":4},"end":{"line":17,"column":6}},"7":{"start":{"line":16,"column":45},"end":{"line":16,"column":70}},"8":{"start":{"line":20,"column":2},"end":{"line":20,"column":52}}},"fnMap":{"0":{"name":"flattenDeepNesting","decl":{"start":{"line":5,"column":16},"end":{"line":5,"column":34}},"loc":{"start":{"line":5,"column":51},"end":{"line":21,"column":1}}},"1":{"name":"flatten","decl":{"start":{"line":8,"column":11},"end":{"line":8,"column":18}},"loc":{"start":{"line":8,"column":50},"end":{"line":18,"column":3}}},"2":{"name":"(anonymous_2)","decl":{"start":{"line":16,"column":34},"end":{"line":16,"column":35}},"loc":{"start":{"line":16,"column":45},"end":{"line":16,"column":70}}}},"branchMap":{"0":{"loc":{"start":{"line":9,"column":4},"end":{"line":12,"column":5}},"type":"if","locations":[{"start":{"line":9,"column":4},"end":{"line":12,"column":5}}]},"1":{"loc":{"start":{"line":9,"column":8},"end":{"line":9,"column":91}},"type":"binary-expr","locations":[{"start":{"line":9,"column":8},"end":{"line":9,"column":25}},{"start":{"line":9,"column":29},"end":{"line":9,"column":55}},{"start":{"line":9,"column":59},"end":{"line":9,"column":69}},{"start":{"line":9,"column":73},"end":{"line":9,"column":91}}]}},"s":{"0":4,"1":4,"2":9,"3":110,"4":1,"5":1,"6":109,"7":100,"8":9},"f":{"0":9,"1":110,"2":100},"b":{"0":[1],"1":[110,2,1,1]}}
}
