{"/Users/avid/Desktop/freelance/framer-exporter/lib/generators/token-generator.ts": {"path":"/Users/avid/Desktop/freelance/framer-exporter/lib/generators/token-generator.ts","statementMap":{"0":{"start":{"line":4,"column":0},"end":{"line":4,"column":16}},"1":{"start":{"line":58,"column":0},"end":{"line":58,"column":16}},"2":{"start":{"line":84,"column":0},"end":{"line":84,"column":16}},"3":{"start":{"line":2,"column":0},"end":{"line":2,"column":91}},"4":{"start":{"line":5,"column":17},"end":{"line":5,"column":42}},"5":{"start":{"line":6,"column":23},"end":{"line":6,"column":58}},"6":{"start":{"line":9,"column":30},"end":{"line":15,"column":4}},"7":{"start":{"line":18,"column":2},"end":{"line":26,"column":3}},"8":{"start":{"line":19,"column":4},"end":{"line":25,"column":6}},"9":{"start":{"line":28,"column":2},"end":{"line":36,"column":3}},"10":{"start":{"line":29,"column":4},"end":{"line":35,"column":6}},"11":{"start":{"line":38,"column":2},"end":{"line":53,"column":3}},"12":{"start":{"line":39,"column":4},"end":{"line":52,"column":6}},"13":{"start":{"line":55,"column":2},"end":{"line":55,"column":16}},"14":{"start":{"line":59,"column":12},"end":{"line":59,"column":23}},"15":{"start":{"line":62,"column":2},"end":{"line":64,"column":5}},"16":{"start":{"line":63,"column":4},"end":{"line":63,"column":44}},"17":{"start":{"line":67,"column":2},"end":{"line":69,"column":5}},"18":{"start":{"line":68,"column":4},"end":{"line":68,"column":46}},"19":{"start":{"line":72,"column":2},"end":{"line":78,"column":5}},"20":{"start":{"line":73,"column":4},"end":{"line":77,"column":5}},"21":{"start":{"line":74,"column":6},"end":{"line":74,"column":47}},"22":{"start":{"line":75,"column":11},"end":{"line":77,"column":5}},"23":{"start":{"line":76,"column":6},"end":{"line":76,"column":53}},"24":{"start":{"line":80,"column":2},"end":{"line":80,"column":15}},"25":{"start":{"line":81,"column":2},"end":{"line":81,"column":13}},"26":{"start":{"line":85,"column":2},"end":{"line":85,"column":41}}},"fnMap":{"0":{"name":"extractDesignTokens","decl":{"start":{"line":4,"column":16},"end":{"line":4,"column":35}},"loc":{"start":{"line":4,"column":48},"end":{"line":56,"column":1}}},"1":{"name":"generateTokenCSS","decl":{"start":{"line":58,"column":16},"end":{"line":58,"column":32}},"loc":{"start":{"line":58,"column":52},"end":{"line":82,"column":1}}},"2":{"name":"(anonymous_2)","decl":{"start":{"line":62,"column":40},"end":{"line":62,"column":41}},"loc":{"start":{"line":62,"column":58},"end":{"line":64,"column":3}}},"3":{"name":"(anonymous_3)","decl":{"start":{"line":67,"column":41},"end":{"line":67,"column":42}},"loc":{"start":{"line":67,"column":59},"end":{"line":69,"column":3}}},"4":{"name":"(anonymous_4)","decl":{"start":{"line":72,"column":41},"end":{"line":72,"column":42}},"loc":{"start":{"line":72,"column":59},"end":{"line":78,"column":3}}},"5":{"name":"generateTokenJSON","decl":{"start":{"line":84,"column":16},"end":{"line":84,"column":33}},"loc":{"start":{"line":84,"column":53},"end":{"line":86,"column":1}}}},"branchMap":{"0":{"loc":{"start":{"line":18,"column":2},"end":{"line":26,"column":3}},"type":"if","locations":[{"start":{"line":18,"column":2},"end":{"line":26,"column":3}}]},"1":{"loc":{"start":{"line":28,"column":2},"end":{"line":36,"column":3}},"type":"if","locations":[{"start":{"line":28,"column":2},"end":{"line":36,"column":3}}]},"2":{"loc":{"start":{"line":38,"column":2},"end":{"line":53,"column":3}},"type":"if","locations":[{"start":{"line":38,"column":2},"end":{"line":53,"column":3}}]},"3":{"loc":{"start":{"line":73,"column":4},"end":{"line":77,"column":5}},"type":"if","locations":[{"start":{"line":73,"column":4},"end":{"line":77,"column":5}},{"start":{"line":75,"column":11},"end":{"line":77,"column":5}}]},"4":{"loc":{"start":{"line":75,"column":11},"end":{"line":77,"column":5}},"type":"if","locations":[{"start":{"line":75,"column":11},"end":{"line":77,"column":5}}]},"5":{"loc":{"start":{"line":75,"column":15},"end":{"line":75,"column":55}},"type":"binary-expr","locations":[{"start":{"line":75,"column":15},"end":{"line":75,"column":40}},{"start":{"line":75,"column":44},"end":{"line":75,"column":55}}]}},"s":{"0":1,"1":1,"2":1,"3":1,"4":3,"5":3,"6":3,"7":3,"8":2,"9":3,"10":2,"11":3,"12":3,"13":3,"14":1,"15":1,"16":1,"17":1,"18":1,"19":1,"20":0,"21":0,"22":0,"23":0,"24":1,"25":1,"26":1},"f":{"0":3,"1":1,"2":1,"3":1,"4":0,"5":1},"b":{"0":[2],"1":[2],"2":[3],"3":[0,0],"4":[0],"5":[0,0]}}
,"/Users/avid/Desktop/freelance/framer-exporter/lib/utils/token-mapper.ts": {"path":"/Users/avid/Desktop/freelance/framer-exporter/lib/utils/token-mapper.ts","statementMap":{"0":{"start":{"line":3,"column":0},"end":{"line":3,"column":16}},"1":{"start":{"line":94,"column":0},"end":{"line":94,"column":16}},"2":{"start":{"line":117,"column":0},"end":{"line":117,"column":16}},"3":{"start":{"line":4,"column":30},"end":{"line":10,"column":4}},"4":{"start":{"line":13,"column":19},"end":{"line":13,"column":54}},"5":{"start":{"line":16,"column":2},"end":{"line":35,"column":3}},"6":{"start":{"line":17,"column":18},"end":{"line":17,"column":33}},"7":{"start":{"line":19,"column":4},"end":{"line":34,"column":5}},"8":{"start":{"line":20,"column":25},"end":{"line":20,"column":58}},"9":{"start":{"line":21,"column":6},"end":{"line":21,"column":51}},"10":{"start":{"line":22,"column":11},"end":{"line":34,"column":5}},"11":{"start":{"line":23,"column":27},"end":{"line":23,"column":61}},"12":{"start":{"line":24,"column":6},"end":{"line":24,"column":56}},"13":{"start":{"line":25,"column":11},"end":{"line":34,"column":5}},"14":{"start":{"line":26,"column":30},"end":{"line":26,"column":67}},"15":{"start":{"line":27,"column":6},"end":{"line":27,"column":69}},"16":{"start":{"line":28,"column":11},"end":{"line":34,"column":5}},"17":{"start":{"line":29,"column":26},"end":{"line":29,"column":60}},"18":{"start":{"line":30,"column":6},"end":{"line":30,"column":58}},"19":{"start":{"line":31,"column":11},"end":{"line":34,"column":5}},"20":{"start":{"line":32,"column":26},"end":{"line":32,"column":60}},"21":{"start":{"line":33,"column":6},"end":{"line":33,"column":54}},"22":{"start":{"line":37,"column":2},"end":{"line":37,"column":16}},"23":{"start":{"line":44,"column":24},"end":{"line":51,"column":4}},"24":{"start":{"line":53,"column":2},"end":{"line":53,"column":62}},"25":{"start":{"line":53,"column":41},"end":{"line":53,"column":60}},"26":{"start":{"line":60,"column":2},"end":{"line":60,"column":59}},"27":{"start":{"line":67,"column":29},"end":{"line":72,"column":4}},"28":{"start":{"line":74,"column":2},"end":{"line":74,"column":67}},"29":{"start":{"line":74,"column":46},"end":{"line":74,"column":65}},"30":{"start":{"line":81,"column":2},"end":{"line":81,"column":64}},"31":{"start":{"line":88,"column":2},"end":{"line":88,"column":92}},"32":{"start":{"line":95,"column":30},"end":{"line":101,"column":4}},"33":{"start":{"line":103,"column":2},"end":{"line":109,"column":3}},"34":{"start":{"line":104,"column":4},"end":{"line":104,"column":50}},"35":{"start":{"line":105,"column":4},"end":{"line":105,"column":52}},"36":{"start":{"line":106,"column":4},"end":{"line":106,"column":58}},"37":{"start":{"line":107,"column":4},"end":{"line":107,"column":52}},"38":{"start":{"line":108,"column":4},"end":{"line":108,"column":52}},"39":{"start":{"line":111,"column":2},"end":{"line":111,"column":16}},"40":{"start":{"line":118,"column":30},"end":{"line":124,"column":4}},"41":{"start":{"line":127,"column":21},"end":{"line":127,"column":52}},"42":{"start":{"line":130,"column":2},"end":{"line":149,"column":3}},"43":{"start":{"line":131,"column":24},"end":{"line":131,"column":32}},"44":{"start":{"line":132,"column":25},"end":{"line":132,"column":47}},"45":{"start":{"line":134,"column":4},"end":{"line":148,"column":5}},"46":{"start":{"line":135,"column":28},"end":{"line":135,"column":64}},"47":{"start":{"line":135,"column":55},"end":{"line":135,"column":63}},"48":{"start":{"line":136,"column":6},"end":{"line":136,"column":36}},"49":{"start":{"line":136,"column":27},"end":{"line":136,"column":36}},"50":{"start":{"line":138,"column":6},"end":{"line":147,"column":7}},"51":{"start":{"line":139,"column":27},"end":{"line":139,"column":60}},"52":{"start":{"line":140,"column":8},"end":{"line":140,"column":53}},"53":{"start":{"line":141,"column":13},"end":{"line":147,"column":7}},"54":{"start":{"line":145,"column":29},"end":{"line":145,"column":63}},"55":{"start":{"line":146,"column":8},"end":{"line":146,"column":58}},"56":{"start":{"line":151,"column":2},"end":{"line":151,"column":16}}},"fnMap":{"0":{"name":"extractFramerTokens","decl":{"start":{"line":3,"column":16},"end":{"line":3,"column":35}},"loc":{"start":{"line":3,"column":48},"end":{"line":38,"column":1}}},"1":{"name":"isColor","decl":{"start":{"line":43,"column":9},"end":{"line":43,"column":16}},"loc":{"start":{"line":43,"column":30},"end":{"line":54,"column":1}}},"2":{"name":"(anonymous_2)","decl":{"start":{"line":53,"column":28},"end":{"line":53,"column":29}},"loc":{"start":{"line":53,"column":41},"end":{"line":53,"column":60}}},"3":{"name":"isSpacing","decl":{"start":{"line":59,"column":9},"end":{"line":59,"column":18}},"loc":{"start":{"line":59,"column":32},"end":{"line":61,"column":1}}},"4":{"name":"isTypography","decl":{"start":{"line":66,"column":9},"end":{"line":66,"column":21}},"loc":{"start":{"line":66,"column":35},"end":{"line":75,"column":1}}},"5":{"name":"(anonymous_5)","decl":{"start":{"line":74,"column":33},"end":{"line":74,"column":34}},"loc":{"start":{"line":74,"column":46},"end":{"line":74,"column":65}}},"6":{"name":"isBorder","decl":{"start":{"line":80,"column":9},"end":{"line":80,"column":17}},"loc":{"start":{"line":80,"column":31},"end":{"line":82,"column":1}}},"7":{"name":"isShadow","decl":{"start":{"line":87,"column":9},"end":{"line":87,"column":17}},"loc":{"start":{"line":87,"column":31},"end":{"line":89,"column":1}}},"8":{"name":"mergeDesignTokens","decl":{"start":{"line":94,"column":16},"end":{"line":94,"column":33}},"loc":{"start":{"line":94,"column":61},"end":{"line":112,"column":1}}},"9":{"name":"extractTokensFromInlineStyles","decl":{"start":{"line":117,"column":16},"end":{"line":117,"column":45}},"loc":{"start":{"line":117,"column":58},"end":{"line":152,"column":1}}},"10":{"name":"(anonymous_10)","decl":{"start":{"line":135,"column":48},"end":{"line":135,"column":49}},"loc":{"start":{"line":135,"column":55},"end":{"line":135,"column":63}}}},"branchMap":{"0":{"loc":{"start":{"line":19,"column":4},"end":{"line":34,"column":5}},"type":"if","locations":[{"start":{"line":19,"column":4},"end":{"line":34,"column":5}},{"start":{"line":22,"column":11},"end":{"line":34,"column":5}}]},"1":{"loc":{"start":{"line":22,"column":11},"end":{"line":34,"column":5}},"type":"if","locations":[{"start":{"line":22,"column":11},"end":{"line":34,"column":5}},{"start":{"line":25,"column":11},"end":{"line":34,"column":5}}]},"2":{"loc":{"start":{"line":25,"column":11},"end":{"line":34,"column":5}},"type":"if","locations":[{"start":{"line":25,"column":11},"end":{"line":34,"column":5}},{"start":{"line":28,"column":11},"end":{"line":34,"column":5}}]},"3":{"loc":{"start":{"line":28,"column":11},"end":{"line":34,"column":5}},"type":"if","locations":[{"start":{"line":28,"column":11},"end":{"line":34,"column":5}},{"start":{"line":31,"column":11},"end":{"line":34,"column":5}}]},"4":{"loc":{"start":{"line":31,"column":11},"end":{"line":34,"column":5}},"type":"if","locations":[{"start":{"line":31,"column":11},"end":{"line":34,"column":5}}]},"5":{"loc":{"start":{"line":88,"column":9},"end":{"line":88,"column":91}},"type":"binary-expr","locations":[{"start":{"line":88,"column":9},"end":{"line":88,"column":48}},{"start":{"line":88,"column":52},"end":{"line":88,"column":91}}]},"6":{"loc":{"start":{"line":136,"column":6},"end":{"line":136,"column":36}},"type":"if","locations":[{"start":{"line":136,"column":6},"end":{"line":136,"column":36}}]},"7":{"loc":{"start":{"line":136,"column":10},"end":{"line":136,"column":25}},"type":"binary-expr","locations":[{"start":{"line":136,"column":10},"end":{"line":136,"column":15}},{"start":{"line":136,"column":19},"end":{"line":136,"column":25}}]},"8":{"loc":{"start":{"line":138,"column":6},"end":{"line":147,"column":7}},"type":"if","locations":[{"start":{"line":138,"column":6},"end":{"line":147,"column":7}},{"start":{"line":141,"column":13},"end":{"line":147,"column":7}}]},"9":{"loc":{"start":{"line":138,"column":10},"end":{"line":138,"column":64}},"type":"binary-expr","locations":[{"start":{"line":138,"column":10},"end":{"line":138,"column":46}},{"start":{"line":138,"column":50},"end":{"line":138,"column":64}}]},"10":{"loc":{"start":{"line":141,"column":13},"end":{"line":147,"column":7}},"type":"if","locations":[{"start":{"line":141,"column":13},"end":{"line":147,"column":7}}]},"11":{"loc":{"start":{"line":142,"column":8},"end":{"line":143,"column":24}},"type":"binary-expr","locations":[{"start":{"line":142,"column":9},"end":{"line":142,"column":47}},{"start":{"line":142,"column":51},"end":{"line":142,"column":88}},{"start":{"line":143,"column":8},"end":{"line":143,"column":24}}]}},"s":{"0":1,"1":1,"2":1,"3":3,"4":3,"5":3,"6":1,"7":1,"8":1,"9":1,"10":0,"11":0,"12":0,"13":0,"14":0,"15":0,"16":0,"17":0,"18":0,"19":0,"20":0,"21":0,"22":3,"23":2,"24":2,"25":8,"26":1,"27":0,"28":0,"29":0,"30":0,"31":0,"32":0,"33":0,"34":0,"35":0,"36":0,"37":0,"38":0,"39":0,"40":3,"41":3,"42":3,"43":2,"44":2,"45":2,"46":2,"47":4,"48":2,"49":0,"50":2,"51":0,"52":0,"53":2,"54":1,"55":1,"56":3},"f":{"0":3,"1":2,"2":8,"3":1,"4":0,"5":0,"6":0,"7":0,"8":0,"9":3,"10":4},"b":{"0":[1,0],"1":[0,0],"2":[0,0],"3":[0,0],"4":[0],"5":[0,0],"6":[0],"7":[2,2],"8":[0,2],"9":[2,1],"10":[1],"11":[2,1,1]}}
}
