TN:
SF:lib/generators/token-generator.ts
FN:4,extractDesignTokens
FN:58,generateTokenCSS
FN:62,(anonymous_2)
FN:67,(anonymous_3)
FN:72,(anonymous_4)
FN:84,generateTokenJSON
FNF:6
FNH:5
FNDA:3,extractDesignTokens
FNDA:1,generateTokenCSS
FNDA:1,(anonymous_2)
FNDA:1,(anonymous_3)
FNDA:0,(anonymous_4)
FNDA:1,generateTokenJSON
DA:2,1
DA:4,1
DA:5,3
DA:6,3
DA:9,3
DA:18,3
DA:19,2
DA:28,3
DA:29,2
DA:38,3
DA:39,3
DA:55,3
DA:58,1
DA:59,1
DA:62,1
DA:63,1
DA:67,1
DA:68,1
DA:72,1
DA:73,0
DA:74,0
DA:75,0
DA:76,0
DA:80,1
DA:81,1
DA:84,1
DA:85,1
LF:27
LH:23
BRDA:18,0,0,2
BRDA:28,1,0,2
BRDA:38,2,0,3
BRDA:73,3,0,0
BRDA:73,3,1,0
BRDA:75,4,0,0
BRDA:75,5,0,0
BRDA:75,5,1,0
BRF:8
BRH:3
end_of_record
TN:
SF:lib/utils/token-mapper.ts
FN:3,extractFramerTokens
FN:43,isColor
FN:53,(anonymous_2)
FN:59,isSpacing
FN:66,isTypography
FN:74,(anonymous_5)
FN:80,isBorder
FN:87,isShadow
FN:94,mergeDesignTokens
FN:117,extractTokensFromInlineStyles
FN:135,(anonymous_10)
FNF:11
FNH:6
FNDA:3,extractFramerTokens
FNDA:2,isColor
FNDA:8,(anonymous_2)
FNDA:1,isSpacing
FNDA:0,isTypography
FNDA:0,(anonymous_5)
FNDA:0,isBorder
FNDA:0,isShadow
FNDA:0,mergeDesignTokens
FNDA:3,extractTokensFromInlineStyles
FNDA:4,(anonymous_10)
DA:3,1
DA:4,3
DA:13,3
DA:16,3
DA:17,1
DA:19,1
DA:20,1
DA:21,1
DA:22,0
DA:23,0
DA:24,0
DA:25,0
DA:26,0
DA:27,0
DA:28,0
DA:29,0
DA:30,0
DA:31,0
DA:32,0
DA:33,0
DA:37,3
DA:44,2
DA:53,8
DA:60,1
DA:67,0
DA:74,0
DA:81,0
DA:88,0
DA:94,1
DA:95,0
DA:103,0
DA:104,0
DA:105,0
DA:106,0
DA:107,0
DA:108,0
DA:111,0
DA:117,1
DA:118,3
DA:127,3
DA:130,3
DA:131,2
DA:132,2
DA:134,2
DA:135,4
DA:136,2
DA:138,2
DA:139,0
DA:140,0
DA:141,2
DA:145,1
DA:146,1
DA:151,3
LF:53
LH:27
BRDA:19,0,0,1
BRDA:19,0,1,0
BRDA:22,1,0,0
BRDA:22,1,1,0
BRDA:25,2,0,0
BRDA:25,2,1,0
BRDA:28,3,0,0
BRDA:28,3,1,0
BRDA:31,4,0,0
BRDA:88,5,0,0
BRDA:88,5,1,0
BRDA:136,6,0,0
BRDA:136,7,0,2
BRDA:136,7,1,2
BRDA:138,8,0,0
BRDA:138,8,1,2
BRDA:138,9,0,2
BRDA:138,9,1,1
BRDA:141,10,0,1
BRDA:142,11,0,2
BRDA:142,11,1,1
BRDA:142,11,2,1
BRF:22
BRH:10
end_of_record
