TN:
SF:app/api/export/route.ts
FN:10,POST
FNF:1
FNH:1
FNDA:3,POST
DA:1,1
DA:2,1
DA:3,1
DA:4,1
DA:5,1
DA:6,1
DA:8,1
DA:10,1
DA:11,3
DA:12,3
DA:13,3
DA:16,3
DA:17,2
DA:23,1
DA:24,1
DA:31,0
DA:32,0
DA:33,0
DA:38,0
DA:41,0
DA:42,0
DA:44,0
DA:47,0
DA:49,0
DA:51,0
DA:52,0
DA:53,0
DA:56,0
DA:57,0
DA:58,0
DA:59,0
DA:61,0
DA:65,0
DA:68,0
DA:69,0
DA:76,0
DA:77,0
DA:80,0
DA:86,0
DA:87,0
DA:91,0
DA:92,0
LF:42
LH:15
BRDA:16,0,0,2
BRDA:16,1,0,3
BRDA:16,1,1,1
BRDA:23,2,0,1
BRDA:32,3,0,0
BRDA:32,4,0,0
BRDA:32,4,1,0
BRDA:58,5,0,0
BRDA:59,6,0,0
BRDA:59,6,1,0
BRDA:76,7,0,0
BRDA:86,8,0,0
BRF:12
BRH:4
end_of_record
TN:
SF:lib/cli.ts
FN:11,spawnExporter
FN:19,(anonymous_11)
FN:20,(anonymous_12)
FN:28,(anonymous_13)
FN:59,exportSiteWithPipeline
FN:67,(anonymous_15)
FN:70,(anonymous_16)
FN:71,(anonymous_17)
FNF:8
FNH:0
FNDA:0,spawnExporter
FNDA:0,(anonymous_11)
FNDA:0,(anonymous_12)
FNDA:0,(anonymous_13)
FNDA:0,exportSiteWithPipeline
FNDA:0,(anonymous_15)
FNDA:0,(anonymous_16)
FNDA:0,(anonymous_17)
DA:1,1
DA:2,1
DA:3,1
DA:11,1
DA:16,0
DA:17,0
DA:19,0
DA:20,0
DA:21,0
DA:28,0
DA:29,0
DA:30,0
DA:31,0
DA:32,0
DA:37,0
DA:43,0
DA:50,0
DA:52,0
DA:59,1
DA:63,0
DA:64,0
DA:66,0
DA:68,0
DA:71,0
DA:75,0
DA:76,0
DA:80,0
DA:81,0
DA:82,0
DA:83,0
DA:86,0
DA:89,0
DA:92,0
DA:95,0
DA:98,0
DA:100,0
DA:106,0
DA:107,0
LF:38
LH:5
BRDA:14,0,0,0
BRDA:31,1,0,0
BRDA:31,1,1,0
BRDA:31,2,0,0
BRDA:31,2,1,0
BRDA:45,3,0,0
BRDA:45,3,1,0
BRDA:75,4,0,0
BRDA:82,5,0,0
BRF:9
BRH:0
end_of_record
TN:
SF:lib/validator.ts
FN:1,isValidFramerUrl
FNF:1
FNH:1
FNDA:8,isValidFramerUrl
DA:1,2
DA:2,8
DA:3,1
DA:6,7
DA:7,7
DA:10,6
DA:11,2
DA:16,4
DA:18,1
LF:9
LH:9
BRDA:2,0,0,1
BRDA:2,1,0,8
BRDA:2,1,1,7
BRDA:10,2,0,2
BRF:4
BRH:4
end_of_record
TN:
SF:lib/pipeline/index.ts
FN:1,(anonymous_4)
FNF:1
FNH:1
FNDA:3,(anonymous_4)
DA:1,5
DA:2,2
LF:2
LH:2
BRF:0
BRH:0
end_of_record
TN:
SF:lib/pipeline/pipeline.ts
FN:16,runPipeline
FNF:1
FNH:1
FNDA:5,runPipeline
DA:1,3
DA:2,3
DA:3,3
DA:4,3
DA:5,3
DA:6,3
DA:16,3
DA:17,5
DA:19,5
DA:22,5
DA:23,5
DA:24,5
DA:25,5
DA:28,5
DA:29,5
DA:30,5
DA:31,5
DA:34,5
DA:35,5
DA:36,5
DA:37,5
DA:40,5
DA:41,5
DA:42,5
DA:43,5
DA:46,5
DA:47,5
DA:48,5
DA:49,5
DA:52,5
DA:53,5
DA:54,5
DA:55,5
DA:57,5
DA:59,5
DA:73,5
DA:74,5
DA:76,5
LF:38
LH:38
BRF:0
BRH:0
end_of_record
TN:
SF:lib/pipeline/stages/1-html-parser.ts
FN:4,parseHTML
FN:12,traverse
FN:26,(anonymous_11)
FN:45,(anonymous_12)
FNF:4
FNH:4
FNDA:11,parseHTML
FNDA:640,traverse
FNDA:618,(anonymous_11)
FNDA:25,(anonymous_12)
DA:1,4
DA:4,4
DA:5,11
DA:7,11
DA:9,11
DA:10,11
DA:13,640
DA:15,640
DA:22,640
DA:23,640
DA:25,640
DA:26,332
DA:27,618
DA:28,618
DA:29,618
DA:34,640
DA:38,11
DA:41,11
DA:43,11
DA:44,11
DA:45,25
DA:48,11
DA:50,11
DA:51,14
DA:52,11
DA:53,11
DA:60,11
DA:64,11
DA:66,11
LF:29
LH:29
BRDA:13,0,0,0
BRDA:16,1,0,640
BRDA:16,1,1,308
BRDA:19,2,0,308
BRDA:19,2,1,332
BRDA:23,3,0,640
BRDA:23,3,1,308
BRDA:25,4,0,332
BRDA:28,5,0,618
BRDA:43,6,0,11
BRDA:43,7,0,11
BRDA:43,7,1,11
BRDA:45,8,0,25
BRDA:45,8,1,22
BRDA:48,9,0,11
BRDA:48,10,0,11
BRDA:48,10,1,11
BRDA:48,10,2,11
BRDA:51,11,0,11
BRDA:60,12,0,11
BRDA:60,12,1,0
BRDA:60,13,0,11
BRDA:60,13,1,11
BRF:23
BRH:21
end_of_record
TN:
SF:lib/pipeline/stages/2-normalizer.ts
FN:5,isEmptyDiv
FN:15,normalize
FN:18,cleanNode
FN:40,(anonymous_3)
FNF:4
FNH:4
FNDA:111,isEmptyDiv
FNDA:9,normalize
FNDA:111,cleanNode
FNDA:102,(anonymous_3)
DA:2,4
DA:3,4
DA:6,111
DA:15,4
DA:16,9
DA:19,111
DA:20,1
DA:21,1
DA:24,110
DA:26,110
DA:27,28
DA:28,28
DA:31,110
DA:32,4
DA:33,4
DA:34,1
DA:38,110
DA:40,102
DA:42,110
DA:50,9
DA:51,9
DA:53,9
LF:22
LH:22
BRDA:7,0,0,111
BRDA:7,0,1,16
BRDA:7,0,2,15
BRDA:7,0,3,3
BRDA:7,0,4,2
BRDA:19,1,0,1
BRDA:26,2,0,28
BRDA:28,3,0,3
BRDA:31,4,0,4
BRDA:33,5,0,1
BRDA:50,6,0,9
BRDA:50,6,1,0
BRF:12
BRH:11
end_of_record
TN:
SF:lib/pipeline/stages/3-section-detector.ts
FN:14,detectSections
FN:18,getSectionType
FN:27,(anonymous_2)
FN:35,traverse
FN:47,(anonymous_4)
FNF:5
FNH:5
FNDA:8,detectSections
FNDA:107,getSectionType
FNDA:1496,(anonymous_2)
FNDA:107,traverse
FNDA:99,(anonymous_4)
DA:3,4
DA:14,4
DA:15,8
DA:16,8
DA:19,107
DA:20,107
DA:22,107
DA:23,102
DA:24,102
DA:26,98
DA:27,1496
DA:28,16
DA:32,82
DA:36,107
DA:38,107
DA:39,25
DA:47,107
DA:50,8
DA:52,8
LF:19
LH:19
BRDA:20,0,0,107
BRDA:20,0,1,82
BRDA:22,1,0,5
BRDA:23,2,0,0
BRDA:24,3,0,4
BRDA:27,4,0,16
BRDA:38,5,0,25
BRF:7
BRH:6
end_of_record
TN:
SF:lib/pipeline/stages/4-component-extractor.ts
FN:3,generateSignature
FN:6,(anonymous_1)
FN:13,extractComponents
FN:18,traverse
FN:41,(anonymous_4)
FN:60,(anonymous_5)
FNF:6
FNH:6
FNDA:108,generateSignature
FNDA:31,(anonymous_1)
FNDA:8,extractComponents
FNDA:108,traverse
FNDA:49,(anonymous_4)
FNDA:76,(anonymous_5)
DA:4,108
DA:5,108
DA:6,31
DA:10,108
DA:13,4
DA:14,8
DA:15,8
DA:16,8
DA:19,108
DA:21,108
DA:22,49
DA:30,108
DA:31,108
DA:32,108
DA:34,108
DA:37,8
DA:39,8
DA:41,8
DA:42,49
DA:43,17
DA:44,17
DA:46,17
DA:47,17
DA:48,16
DA:49,5
DA:50,5
DA:52,17
DA:60,17
DA:61,76
DA:62,76
DA:67,8
LF:31
LH:31
BRDA:4,0,0,108
BRDA:4,0,1,80
BRDA:21,1,0,49
BRDA:42,2,0,17
BRDA:47,3,0,1
BRDA:47,3,1,16
BRDA:48,4,0,11
BRDA:48,4,1,5
BRDA:49,5,0,0
BRDA:49,5,1,5
BRDA:61,6,0,76
BRDA:61,6,1,76
BRF:12
BRH:11
end_of_record
TN:
SF:lib/pipeline/stages/5-semantic-namer.ts
FN:3,inferSemanticName
FN:30,assignSemanticNames
FN:34,traverse
FNF:3
FNH:3
FNDA:105,inferSemanticName
FNDA:8,assignSemanticNames
FNDA:105,traverse
DA:4,105
DA:5,105
DA:6,105
DA:8,105
DA:9,99
DA:10,98
DA:11,98
DA:12,98
DA:13,98
DA:14,98
DA:16,98
DA:17,98
DA:18,98
DA:19,95
DA:20,86
DA:21,83
DA:22,74
DA:23,74
DA:25,74
DA:27,73
DA:30,4
DA:31,8
DA:32,8
DA:35,105
DA:36,105
DA:38,105
DA:40,105
DA:42,105
DA:50,8
DA:52,8
LF:30
LH:30
BRDA:5,0,0,105
BRDA:5,0,1,80
BRDA:6,1,0,105
BRDA:6,1,1,104
BRDA:8,2,0,6
BRDA:8,3,0,105
BRDA:8,3,1,100
BRDA:8,3,2,99
BRDA:9,4,0,1
BRDA:9,5,0,99
BRDA:9,5,1,1
BRDA:10,6,0,0
BRDA:11,7,0,0
BRDA:12,8,0,0
BRDA:13,9,0,0
BRDA:14,10,0,0
BRDA:16,11,0,0
BRDA:17,12,0,0
BRDA:18,13,0,3
BRDA:19,14,0,9
BRDA:20,15,0,3
BRDA:21,16,0,9
BRDA:22,17,0,0
BRDA:23,18,0,0
BRDA:25,19,0,1
BRDA:36,20,0,105
BRDA:36,20,1,101
BRDA:38,21,0,105
BRDA:38,21,1,73
BRF:29
BRH:20
end_of_record
TN:
SF:lib/pipeline/stages/6-code-generator.ts
FN:3,serializeNodeWithSemantics
FN:6,(anonymous_1)
FN:15,generateComponentDocs
FN:18,(anonymous_3)
FN:46,generateEnhancedOutput
FN:50,extractComponents
FNF:6
FNH:6
FNDA:101,serializeNodeWithSemantics
FNDA:28,(anonymous_1)
FNDA:7,generateComponentDocs
FNDA:100,(anonymous_3)
FNDA:7,generateEnhancedOutput
FNDA:101,extractComponents
DA:4,101
DA:5,101
DA:6,28
DA:9,101
DA:10,101
DA:12,101
DA:16,7
DA:18,100
DA:23,7
DA:46,4
DA:47,7
DA:48,7
DA:51,101
DA:52,100
DA:60,101
DA:63,7
DA:65,7
DA:67,7
DA:73,7
LF:19
LH:19
BRDA:4,0,0,101
BRDA:4,0,1,0
BRDA:10,1,0,49
BRDA:10,1,1,52
BRDA:51,2,0,100
BRDA:51,3,0,101
BRDA:51,3,1,101
BRF:7
BRH:6
end_of_record
TN:
SF:lib/utils/css-parser.ts
FN:6,extractCSSVariables
FN:9,(anonymous_1)
FN:15,removeFramerClasses
FN:18,(anonymous_3)
FNF:4
FNH:4
FNDA:4,extractCSSVariables
FNDA:2,(anonymous_1)
FNDA:28,removeFramerClasses
FNDA:29,(anonymous_3)
DA:6,4
DA:7,4
DA:8,4
DA:9,4
DA:15,4
DA:16,28
DA:18,29
LF:7
LH:7
BRF:0
BRH:0
end_of_record
TN:
SF:lib/utils/depth-flattener.ts
FN:5,flattenDeepNesting
FN:8,flatten
FN:16,(anonymous_2)
FNF:3
FNH:3
FNDA:9,flattenDeepNesting
FNDA:110,flatten
FNDA:100,(anonymous_2)
DA:3,4
DA:5,4
DA:6,9
DA:9,110
DA:10,1
DA:11,1
DA:14,109
DA:16,100
DA:20,9
LF:9
LH:9
BRDA:9,0,0,1
BRDA:9,1,0,110
BRDA:9,1,1,2
BRDA:9,1,2,1
BRDA:9,1,3,1
BRF:5
BRH:5
end_of_record
